{"/Users/reza/Workspace/sceneport-unity-mcp/plugins/sceneport/server/src/discovery.ts": {"path":"/Users/reza/Workspace/sceneport-unity-mcp/plugins/sceneport/server/src/discovery.ts","all":false,"statementMap":{"0":{"start":{"line":1,"column":0},"end":{"line":1,"column":51}},"1":{"start":{"line":2,"column":0},"end":{"line":2,"column":51}},"13":{"start":{"line":14,"column":0},"end":{"line":14,"column":45}},"14":{"start":{"line":15,"column":0},"end":{"line":15,"column":26}},"22":{"start":{"line":23,"column":0},"end":{"line":23,"column":57}},"23":{"start":{"line":24,"column":0},"end":{"line":24,"column":66}},"24":{"start":{"line":25,"column":0},"end":{"line":25,"column":1}},"26":{"start":{"line":27,"column":0},"end":{"line":27,"column":65}},"27":{"start":{"line":28,"column":0},"end":{"line":28,"column":7}},"28":{"start":{"line":29,"column":0},"end":{"line":29,"column":48}},"29":{"start":{"line":30,"column":0},"end":{"line":30,"column":28}},"30":{"start":{"line":31,"column":0},"end":{"line":31,"column":18}},"31":{"start":{"line":32,"column":0},"end":{"line":32,"column":5}},"32":{"start":{"line":33,"column":0},"end":{"line":33,"column":72}},"33":{"start":{"line":34,"column":0},"end":{"line":34,"column":64}},"34":{"start":{"line":35,"column":0},"end":{"line":35,"column":11}},"35":{"start":{"line":36,"column":0},"end":{"line":36,"column":16}},"36":{"start":{"line":37,"column":0},"end":{"line":37,"column":3}},"37":{"start":{"line":38,"column":0},"end":{"line":38,"column":1}},"39":{"start":{"line":40,"column":0},"end":{"line":40,"column":54}},"40":{"start":{"line":41,"column":0},"end":{"line":41,"column":10}},"41":{"start":{"line":42,"column":0},"end":{"line":42,"column":38}},"42":{"start":{"line":43,"column":0},"end":{"line":43,"column":47}},"43":{"start":{"line":44,"column":0},"end":{"line":44,"column":38}},"45":{"start":{"line":46,"column":0},"end":{"line":46,"column":1}},"47":{"start":{"line":48,"column":0},"end":{"line":48,"column":55}},"48":{"start":{"line":49,"column":0},"end":{"line":49,"column":18}},"49":{"start":{"line":50,"column":0},"end":{"line":50,"column":44}},"50":{"start":{"line":51,"column":0},"end":{"line":51,"column":37}},"51":{"start":{"line":52,"column":0},"end":{"line":52,"column":17}},"52":{"start":{"line":53,"column":0},"end":{"line":53,"column":5}},"53":{"start":{"line":54,"column":0},"end":{"line":54,"column":32}},"54":{"start":{"line":55,"column":0},"end":{"line":55,"column":25}},"55":{"start":{"line":56,"column":0},"end":{"line":56,"column":12}},"56":{"start":{"line":57,"column":0},"end":{"line":57,"column":5}},"57":{"start":{"line":58,"column":0},"end":{"line":58,"column":17}},"58":{"start":{"line":59,"column":0},"end":{"line":59,"column":3}},"59":{"start":{"line":60,"column":0},"end":{"line":60,"column":14}},"60":{"start":{"line":61,"column":0},"end":{"line":61,"column":1}},"62":{"start":{"line":63,"column":0},"end":{"line":63,"column":44}},"63":{"start":{"line":64,"column":0},"end":{"line":64,"column":32}},"64":{"start":{"line":65,"column":0},"end":{"line":65,"column":1}},"71":{"start":{"line":72,"column":0},"end":{"line":72,"column":113}},"72":{"start":{"line":73,"column":0},"end":{"line":73,"column":46}},"73":{"start":{"line":74,"column":0},"end":{"line":74,"column":44}},"74":{"start":{"line":75,"column":0},"end":{"line":75,"column":52}},"76":{"start":{"line":77,"column":0},"end":{"line":77,"column":37}},"77":{"start":{"line":78,"column":0},"end":{"line":78,"column":40}},"79":{"start":{"line":80,"column":0},"end":{"line":80,"column":23}},"80":{"start":{"line":81,"column":0},"end":{"line":81,"column":42}},"81":{"start":{"line":82,"column":0},"end":{"line":82,"column":15}},"82":{"start":{"line":83,"column":0},"end":{"line":83,"column":35}},"83":{"start":{"line":84,"column":0},"end":{"line":84,"column":5}},"84":{"start":{"line":85,"column":0},"end":{"line":85,"column":3}},"86":{"start":{"line":87,"column":0},"end":{"line":87,"column":14}},"87":{"start":{"line":88,"column":0},"end":{"line":88,"column":39}},"88":{"start":{"line":89,"column":0},"end":{"line":89,"column":17}},"89":{"start":{"line":90,"column":0},"end":{"line":90,"column":36}},"90":{"start":{"line":91,"column":0},"end":{"line":91,"column":27}},"91":{"start":{"line":92,"column":0},"end":{"line":92,"column":5}},"92":{"start":{"line":93,"column":0},"end":{"line":93,"column":3}},"94":{"start":{"line":95,"column":0},"end":{"line":95,"column":20}},"95":{"start":{"line":96,"column":0},"end":{"line":96,"column":12}},"96":{"start":{"line":97,"column":0},"end":{"line":97,"column":41}},"97":{"start":{"line":98,"column":0},"end":{"line":98,"column":42}},"98":{"start":{"line":99,"column":0},"end":{"line":99,"column":55}},"99":{"start":{"line":100,"column":0},"end":{"line":100,"column":24}},"100":{"start":{"line":101,"column":0},"end":{"line":101,"column":82}},"101":{"start":{"line":102,"column":0},"end":{"line":102,"column":6}},"102":{"start":{"line":103,"column":0},"end":{"line":103,"column":3}},"104":{"start":{"line":105,"column":0},"end":{"line":105,"column":18}},"105":{"start":{"line":106,"column":0},"end":{"line":106,"column":12}},"106":{"start":{"line":107,"column":0},"end":{"line":107,"column":38}},"107":{"start":{"line":108,"column":0},"end":{"line":108,"column":41}},"108":{"start":{"line":109,"column":0},"end":{"line":109,"column":64}},"109":{"start":{"line":110,"column":0},"end":{"line":110,"column":95}},"110":{"start":{"line":111,"column":0},"end":{"line":111,"column":82}},"111":{"start":{"line":112,"column":0},"end":{"line":112,"column":6}},"112":{"start":{"line":113,"column":0},"end":{"line":113,"column":3}},"114":{"start":{"line":115,"column":0},"end":{"line":115,"column":10}},"115":{"start":{"line":116,"column":0},"end":{"line":116,"column":25}},"116":{"start":{"line":117,"column":0},"end":{"line":117,"column":25}},"117":{"start":{"line":118,"column":0},"end":{"line":118,"column":22}},"118":{"start":{"line":119,"column":0},"end":{"line":119,"column":4}},"119":{"start":{"line":120,"column":0},"end":{"line":120,"column":1}},"121":{"start":{"line":122,"column":0},"end":{"line":122,"column":90}},"122":{"start":{"line":123,"column":0},"end":{"line":123,"column":17}},"123":{"start":{"line":124,"column":0},"end":{"line":124,"column":17}},"124":{"start":{"line":125,"column":0},"end":{"line":125,"column":3}},"125":{"start":{"line":126,"column":0},"end":{"line":126,"column":24}},"126":{"start":{"line":127,"column":0},"end":{"line":127,"column":24}},"127":{"start":{"line":128,"column":0},"end":{"line":128,"column":70}},"128":{"start":{"line":129,"column":0},"end":{"line":129,"column":49}},"129":{"start":{"line":130,"column":0},"end":{"line":130,"column":3}},"130":{"start":{"line":131,"column":0},"end":{"line":131,"column":19}},"131":{"start":{"line":132,"column":0},"end":{"line":132,"column":1}}},"s":{"0":1,"1":1,"13":1,"14":1,"22":10,"23":10,"24":10,"26":5,"27":5,"28":5,"29":5,"30":0,"31":0,"32":5,"33":5,"34":5,"35":1,"36":1,"37":5,"39":18,"40":18,"41":18,"42":1,"43":1,"45":18,"47":3,"48":3,"49":3,"50":18,"51":1,"52":1,"53":17,"54":18,"55":2,"56":2,"57":15,"58":15,"59":2,"60":2,"62":4,"63":4,"64":4,"71":1,"72":6,"73":6,"74":6,"76":6,"77":6,"79":6,"80":4,"81":4,"82":3,"83":3,"84":4,"86":6,"87":3,"88":3,"89":1,"90":1,"91":1,"92":3,"94":6,"95":1,"96":1,"97":1,"98":1,"99":1,"100":1,"101":1,"102":1,"104":6,"105":3,"106":3,"107":3,"108":3,"109":3,"110":3,"111":3,"112":3,"114":2,"115":2,"116":2,"117":2,"118":2,"119":2,"121":1,"122":2,"123":0,"124":0,"125":2,"126":2,"127":2,"128":2,"129":2,"130":0,"131":0},"branchMap":{"0":{"type":"branch","line":23,"loc":{"start":{"line":23,"column":0},"end":{"line":25,"column":1}},"locations":[{"start":{"line":23,"column":0},"end":{"line":25,"column":1}}]},"1":{"type":"branch","line":27,"loc":{"start":{"line":27,"column":0},"end":{"line":38,"column":1}},"locations":[{"start":{"line":27,"column":0},"end":{"line":38,"column":1}}]},"2":{"type":"branch","line":30,"loc":{"start":{"line":30,"column":27},"end":{"line":32,"column":5}},"locations":[{"start":{"line":30,"column":27},"end":{"line":32,"column":5}}]},"3":{"type":"branch","line":34,"loc":{"start":{"line":34,"column":11},"end":{"line":34,"column":50}},"locations":[{"start":{"line":34,"column":11},"end":{"line":34,"column":50}}]},"4":{"type":"branch","line":34,"loc":{"start":{"line":34,"column":39},"end":{"line":34,"column":59}},"locations":[{"start":{"line":34,"column":39},"end":{"line":34,"column":59}}]},"5":{"type":"branch","line":34,"loc":{"start":{"line":34,"column":50},"end":{"line":34,"column":64}},"locations":[{"start":{"line":34,"column":50},"end":{"line":34,"column":64}}]},"6":{"type":"branch","line":35,"loc":{"start":{"line":35,"column":2},"end":{"line":37,"column":3}},"locations":[{"start":{"line":35,"column":2},"end":{"line":37,"column":3}}]},"7":{"type":"branch","line":40,"loc":{"start":{"line":40,"column":0},"end":{"line":46,"column":1}},"locations":[{"start":{"line":40,"column":0},"end":{"line":46,"column":1}}]},"8":{"type":"branch","line":42,"loc":{"start":{"line":42,"column":34},"end":{"line":43,"column":47}},"locations":[{"start":{"line":42,"column":34},"end":{"line":43,"column":47}}]},"9":{"type":"branch","line":43,"loc":{"start":{"line":43,"column":43},"end":{"line":44,"column":38}},"locations":[{"start":{"line":43,"column":43},"end":{"line":44,"column":38}}]},"10":{"type":"branch","line":48,"loc":{"start":{"line":48,"column":0},"end":{"line":61,"column":1}},"locations":[{"start":{"line":48,"column":0},"end":{"line":61,"column":1}}]},"11":{"type":"branch","line":50,"loc":{"start":{"line":50,"column":43},"end":{"line":59,"column":3}},"locations":[{"start":{"line":50,"column":43},"end":{"line":59,"column":3}}]},"12":{"type":"branch","line":51,"loc":{"start":{"line":51,"column":36},"end":{"line":53,"column":5}},"locations":[{"start":{"line":51,"column":36},"end":{"line":53,"column":5}}]},"13":{"type":"branch","line":53,"loc":{"start":{"line":53,"column":4},"end":{"line":55,"column":24}},"locations":[{"start":{"line":53,"column":4},"end":{"line":55,"column":24}}]},"14":{"type":"branch","line":55,"loc":{"start":{"line":55,"column":24},"end":{"line":57,"column":5}},"locations":[{"start":{"line":55,"column":24},"end":{"line":57,"column":5}}]},"15":{"type":"branch","line":57,"loc":{"start":{"line":57,"column":4},"end":{"line":59,"column":3}},"locations":[{"start":{"line":57,"column":4},"end":{"line":59,"column":3}}]},"16":{"type":"branch","line":59,"loc":{"start":{"line":59,"column":2},"end":{"line":61,"column":1}},"locations":[{"start":{"line":59,"column":2},"end":{"line":61,"column":1}}]},"17":{"type":"branch","line":63,"loc":{"start":{"line":63,"column":0},"end":{"line":65,"column":1}},"locations":[{"start":{"line":63,"column":0},"end":{"line":65,"column":1}}]},"18":{"type":"branch","line":72,"loc":{"start":{"line":72,"column":7},"end":{"line":120,"column":1}},"locations":[{"start":{"line":72,"column":7},"end":{"line":120,"column":1}}]},"19":{"type":"branch","line":80,"loc":{"start":{"line":80,"column":22},"end":{"line":85,"column":3}},"locations":[{"start":{"line":80,"column":22},"end":{"line":85,"column":3}}]},"20":{"type":"branch","line":82,"loc":{"start":{"line":82,"column":14},"end":{"line":84,"column":5}},"locations":[{"start":{"line":82,"column":14},"end":{"line":84,"column":5}}]},"21":{"type":"branch","line":87,"loc":{"start":{"line":87,"column":13},"end":{"line":93,"column":3}},"locations":[{"start":{"line":87,"column":13},"end":{"line":93,"column":3}}]},"22":{"type":"branch","line":89,"loc":{"start":{"line":89,"column":16},"end":{"line":92,"column":5}},"locations":[{"start":{"line":89,"column":16},"end":{"line":92,"column":5}}]},"23":{"type":"branch","line":95,"loc":{"start":{"line":95,"column":19},"end":{"line":103,"column":3}},"locations":[{"start":{"line":95,"column":19},"end":{"line":103,"column":3}}]},"24":{"type":"branch","line":99,"loc":{"start":{"line":99,"column":25},"end":{"line":99,"column":55}},"locations":[{"start":{"line":99,"column":25},"end":{"line":99,"column":55}}]},"25":{"type":"branch","line":101,"loc":{"start":{"line":101,"column":68},"end":{"line":101,"column":82}},"locations":[{"start":{"line":101,"column":68},"end":{"line":101,"column":82}}]},"26":{"type":"branch","line":103,"loc":{"start":{"line":103,"column":2},"end":{"line":105,"column":12}},"locations":[{"start":{"line":103,"column":2},"end":{"line":105,"column":12}}]},"27":{"type":"branch","line":105,"loc":{"start":{"line":105,"column":6},"end":{"line":105,"column":17}},"locations":[{"start":{"line":105,"column":6},"end":{"line":105,"column":17}}]},"28":{"type":"branch","line":105,"loc":{"start":{"line":105,"column":17},"end":{"line":113,"column":3}},"locations":[{"start":{"line":105,"column":17},"end":{"line":113,"column":3}}]},"29":{"type":"branch","line":108,"loc":{"start":{"line":108,"column":13},"end":{"line":108,"column":41}},"locations":[{"start":{"line":108,"column":13},"end":{"line":108,"column":41}}]},"30":{"type":"branch","line":109,"loc":{"start":{"line":109,"column":24},"end":{"line":109,"column":54}},"locations":[{"start":{"line":109,"column":24},"end":{"line":109,"column":54}}]},"31":{"type":"branch","line":109,"loc":{"start":{"line":109,"column":39},"end":{"line":109,"column":64}},"locations":[{"start":{"line":109,"column":39},"end":{"line":109,"column":64}}]},"32":{"type":"branch","line":110,"loc":{"start":{"line":110,"column":14},"end":{"line":110,"column":65}},"locations":[{"start":{"line":110,"column":14},"end":{"line":110,"column":65}}]},"33":{"type":"branch","line":110,"loc":{"start":{"line":110,"column":48},"end":{"line":110,"column":84}},"locations":[{"start":{"line":110,"column":48},"end":{"line":110,"column":84}}]},"34":{"type":"branch","line":110,"loc":{"start":{"line":110,"column":65},"end":{"line":110,"column":95}},"locations":[{"start":{"line":110,"column":65},"end":{"line":110,"column":95}}]},"35":{"type":"branch","line":111,"loc":{"start":{"line":111,"column":68},"end":{"line":111,"column":82}},"locations":[{"start":{"line":111,"column":68},"end":{"line":111,"column":82}}]},"36":{"type":"branch","line":113,"loc":{"start":{"line":113,"column":2},"end":{"line":120,"column":1}},"locations":[{"start":{"line":113,"column":2},"end":{"line":120,"column":1}}]},"37":{"type":"branch","line":122,"loc":{"start":{"line":122,"column":7},"end":{"line":132,"column":1}},"locations":[{"start":{"line":122,"column":7},"end":{"line":132,"column":1}}]},"38":{"type":"branch","line":123,"loc":{"start":{"line":123,"column":16},"end":{"line":125,"column":3}},"locations":[{"start":{"line":123,"column":16},"end":{"line":125,"column":3}}]},"39":{"type":"branch","line":128,"loc":{"start":{"line":128,"column":27},"end":{"line":128,"column":69}},"locations":[{"start":{"line":128,"column":27},"end":{"line":128,"column":69}}]},"40":{"type":"branch","line":130,"loc":{"start":{"line":130,"column":2},"end":{"line":132,"column":1}},"locations":[{"start":{"line":130,"column":2},"end":{"line":132,"column":1}}]}},"b":{"0":[10],"1":[5],"2":[0],"3":[4],"4":[4],"5":[0],"6":[1],"7":[18],"8":[1],"9":[1],"10":[3],"11":[18],"12":[1],"13":[17],"14":[2],"15":[15],"16":[2],"17":[4],"18":[6],"19":[4],"20":[3],"21":[3],"22":[1],"23":[1],"24":[0],"25":[0],"26":[5],"27":[3],"28":[3],"29":[2],"30":[1],"31":[0],"32":[2],"33":[2],"34":[1],"35":[0],"36":[2],"37":[2],"38":[0],"39":[0],"40":[0]},"fnMap":{"0":{"name":"discoveryFilePath","decl":{"start":{"line":23,"column":0},"end":{"line":25,"column":1}},"loc":{"start":{"line":23,"column":0},"end":{"line":25,"column":1}},"line":23},"1":{"name":"readBridgeFile","decl":{"start":{"line":27,"column":0},"end":{"line":38,"column":1}},"loc":{"start":{"line":27,"column":0},"end":{"line":38,"column":1}},"line":27},"2":{"name":"looksLikeUnityProject","decl":{"start":{"line":40,"column":0},"end":{"line":46,"column":1}},"loc":{"start":{"line":40,"column":0},"end":{"line":46,"column":1}},"line":40},"3":{"name":"walkForProject","decl":{"start":{"line":48,"column":0},"end":{"line":61,"column":1}},"loc":{"start":{"line":48,"column":0},"end":{"line":61,"column":1}},"line":48},"4":{"name":"normalizeUrl","decl":{"start":{"line":63,"column":0},"end":{"line":65,"column":1}},"loc":{"start":{"line":63,"column":0},"end":{"line":65,"column":1}},"line":63},"5":{"name":"discoverBridge","decl":{"start":{"line":72,"column":7},"end":{"line":120,"column":1}},"loc":{"start":{"line":72,"column":7},"end":{"line":120,"column":1}},"line":72},"6":{"name":"projectPathsEqual","decl":{"start":{"line":122,"column":7},"end":{"line":132,"column":1}},"loc":{"start":{"line":122,"column":7},"end":{"line":132,"column":1}},"line":122}},"f":{"0":10,"1":5,"2":18,"3":3,"4":4,"5":6,"6":2}}
,"/Users/reza/Workspace/sceneport-unity-mcp/plugins/sceneport/server/src/encoding.ts": {"path":"/Users/reza/Workspace/sceneport-unity-mcp/plugins/sceneport/server/src/encoding.ts","all":false,"statementMap":{"0":{"start":{"line":1,"column":0},"end":{"line":1,"column":24}},"2":{"start":{"line":3,"column":0},"end":{"line":3,"column":72}},"3":{"start":{"line":4,"column":0},"end":{"line":4,"column":87}},"4":{"start":{"line":5,"column":0},"end":{"line":5,"column":102}},"5":{"start":{"line":6,"column":0},"end":{"line":6,"column":111}},"7":{"start":{"line":8,"column":0},"end":{"line":8,"column":36}},"8":{"start":{"line":9,"column":0},"end":{"line":9,"column":111}},"9":{"start":{"line":10,"column":0},"end":{"line":10,"column":118}},"10":{"start":{"line":11,"column":0},"end":{"line":11,"column":2}},"12":{"start":{"line":13,"column":0},"end":{"line":13,"column":46}},"13":{"start":{"line":14,"column":0},"end":{"line":14,"column":13}},"14":{"start":{"line":15,"column":0},"end":{"line":15,"column":13}},"15":{"start":{"line":16,"column":0},"end":{"line":16,"column":14}},"16":{"start":{"line":17,"column":0},"end":{"line":17,"column":16}},"17":{"start":{"line":18,"column":0},"end":{"line":18,"column":16}},"18":{"start":{"line":19,"column":0},"end":{"line":19,"column":16}},"19":{"start":{"line":20,"column":0},"end":{"line":20,"column":14}},"20":{"start":{"line":21,"column":0},"end":{"line":21,"column":3}},"22":{"start":{"line":23,"column":0},"end":{"line":23,"column":85}},"23":{"start":{"line":24,"column":0},"end":{"line":24,"column":34}},"24":{"start":{"line":25,"column":0},"end":{"line":25,"column":55}},"25":{"start":{"line":26,"column":0},"end":{"line":26,"column":3}},"26":{"start":{"line":27,"column":0},"end":{"line":27,"column":34}},"27":{"start":{"line":28,"column":0},"end":{"line":28,"column":55}},"28":{"start":{"line":29,"column":0},"end":{"line":29,"column":3}},"29":{"start":{"line":30,"column":0},"end":{"line":30,"column":35}},"30":{"start":{"line":31,"column":0},"end":{"line":31,"column":51}},"31":{"start":{"line":32,"column":0},"end":{"line":32,"column":3}},"32":{"start":{"line":33,"column":0},"end":{"line":33,"column":21}},"33":{"start":{"line":34,"column":0},"end":{"line":34,"column":66}},"34":{"start":{"line":35,"column":0},"end":{"line":35,"column":3}},"35":{"start":{"line":36,"column":0},"end":{"line":36,"column":21}},"36":{"start":{"line":37,"column":0},"end":{"line":37,"column":57}},"37":{"start":{"line":38,"column":0},"end":{"line":38,"column":3}},"38":{"start":{"line":39,"column":0},"end":{"line":39,"column":21}},"39":{"start":{"line":40,"column":0},"end":{"line":40,"column":57}},"40":{"start":{"line":41,"column":0},"end":{"line":41,"column":3}},"41":{"start":{"line":42,"column":0},"end":{"line":42,"column":55}},"42":{"start":{"line":43,"column":0},"end":{"line":43,"column":1}},"44":{"start":{"line":45,"column":0},"end":{"line":45,"column":55}},"45":{"start":{"line":46,"column":0},"end":{"line":46,"column":68}},"46":{"start":{"line":47,"column":0},"end":{"line":47,"column":1}}},"s":{"0":1,"2":1,"3":1,"4":1,"5":1,"7":1,"8":1,"9":1,"10":1,"12":1,"13":1,"14":1,"15":1,"16":1,"17":1,"18":1,"19":1,"20":1,"22":1,"23":14,"24":2,"25":2,"26":14,"27":3,"28":3,"29":14,"30":2,"31":2,"32":14,"33":4,"34":4,"35":14,"36":1,"37":1,"38":13,"39":1,"40":1,"41":1,"42":1,"44":1,"45":7,"46":7},"branchMap":{"0":{"type":"branch","line":23,"loc":{"start":{"line":23,"column":7},"end":{"line":43,"column":1}},"locations":[{"start":{"line":23,"column":7},"end":{"line":43,"column":1}}]},"1":{"type":"branch","line":24,"loc":{"start":{"line":24,"column":33},"end":{"line":26,"column":3}},"locations":[{"start":{"line":24,"column":33},"end":{"line":26,"column":3}}]},"2":{"type":"branch","line":26,"loc":{"start":{"line":26,"column":2},"end":{"line":27,"column":33}},"locations":[{"start":{"line":26,"column":2},"end":{"line":27,"column":33}}]},"3":{"type":"branch","line":27,"loc":{"start":{"line":27,"column":33},"end":{"line":29,"column":3}},"locations":[{"start":{"line":27,"column":33},"end":{"line":29,"column":3}}]},"4":{"type":"branch","line":29,"loc":{"start":{"line":29,"column":2},"end":{"line":30,"column":34}},"locations":[{"start":{"line":29,"column":2},"end":{"line":30,"column":34}}]},"5":{"type":"branch","line":30,"loc":{"start":{"line":30,"column":34},"end":{"line":32,"column":3}},"locations":[{"start":{"line":30,"column":34},"end":{"line":32,"column":3}}]},"6":{"type":"branch","line":32,"loc":{"start":{"line":32,"column":2},"end":{"line":33,"column":20}},"locations":[{"start":{"line":32,"column":2},"end":{"line":33,"column":20}}]},"7":{"type":"branch","line":33,"loc":{"start":{"line":33,"column":20},"end":{"line":36,"column":20}},"locations":[{"start":{"line":33,"column":20},"end":{"line":36,"column":20}}]},"8":{"type":"branch","line":35,"loc":{"start":{"line":35,"column":2},"end":{"line":36,"column":20}},"locations":[{"start":{"line":35,"column":2},"end":{"line":36,"column":20}}]},"9":{"type":"branch","line":36,"loc":{"start":{"line":36,"column":20},"end":{"line":43,"column":1}},"locations":[{"start":{"line":36,"column":20},"end":{"line":43,"column":1}}]},"10":{"type":"branch","line":36,"loc":{"start":{"line":36,"column":20},"end":{"line":38,"column":3}},"locations":[{"start":{"line":36,"column":20},"end":{"line":38,"column":3}}]},"11":{"type":"branch","line":38,"loc":{"start":{"line":38,"column":2},"end":{"line":39,"column":20}},"locations":[{"start":{"line":38,"column":2},"end":{"line":39,"column":20}}]},"12":{"type":"branch","line":39,"loc":{"start":{"line":39,"column":20},"end":{"line":43,"column":1}},"locations":[{"start":{"line":39,"column":20},"end":{"line":43,"column":1}}]},"13":{"type":"branch","line":45,"loc":{"start":{"line":45,"column":7},"end":{"line":47,"column":1}},"locations":[{"start":{"line":45,"column":7},"end":{"line":47,"column":1}}]},"14":{"type":"branch","line":46,"loc":{"start":{"line":46,"column":9},"end":{"line":46,"column":39}},"locations":[{"start":{"line":46,"column":9},"end":{"line":46,"column":39}}]},"15":{"type":"branch","line":46,"loc":{"start":{"line":46,"column":35},"end":{"line":46,"column":58}},"locations":[{"start":{"line":46,"column":35},"end":{"line":46,"column":58}}]},"16":{"type":"branch","line":46,"loc":{"start":{"line":46,"column":54},"end":{"line":46,"column":68}},"locations":[{"start":{"line":46,"column":54},"end":{"line":46,"column":68}}]}},"b":{"0":[14],"1":[2],"2":[12],"3":[3],"4":[9],"5":[2],"6":[7],"7":[4],"8":[3],"9":[13],"10":[1],"11":[2],"12":[1],"13":[7],"14":[3],"15":[2],"16":[5]},"fnMap":{"0":{"name":"encodeSerializedValue","decl":{"start":{"line":23,"column":7},"end":{"line":43,"column":1}},"loc":{"start":{"line":23,"column":7},"end":{"line":43,"column":1}},"line":23},"1":{"name":"joinCsv","decl":{"start":{"line":45,"column":7},"end":{"line":47,"column":1}},"loc":{"start":{"line":45,"column":7},"end":{"line":47,"column":1}},"line":45}},"f":{"0":14,"1":7}}
,"/Users/reza/Workspace/sceneport-unity-mcp/plugins/sceneport/server/src/server.ts": {"path":"/Users/reza/Workspace/sceneport-unity-mcp/plugins/sceneport/server/src/server.ts","all":false,"statementMap":{"0":{"start":{"line":1,"column":0},"end":{"line":1,"column":86}},"1":{"start":{"line":2,"column":0},"end":{"line":2,"column":24}},"3":{"start":{"line":4,"column":0},"end":{"line":4,"column":58}},"4":{"start":{"line":5,"column":0},"end":{"line":5,"column":8}},"11":{"start":{"line":12,"column":0},"end":{"line":12,"column":39}},"13":{"start":{"line":14,"column":0},"end":{"line":14,"column":77}},"14":{"start":{"line":15,"column":0},"end":{"line":15,"column":31}},"15":{"start":{"line":16,"column":0},"end":{"line":16,"column":5}},"16":{"start":{"line":17,"column":0},"end":{"line":17,"column":24}},"17":{"start":{"line":18,"column":0},"end":{"line":18,"column":23}},"18":{"start":{"line":19,"column":0},"end":{"line":19,"column":6}},"19":{"start":{"line":20,"column":0},"end":{"line":20,"column":5}},"20":{"start":{"line":21,"column":0},"end":{"line":21,"column":19}},"21":{"start":{"line":22,"column":0},"end":{"line":22,"column":225}},"22":{"start":{"line":23,"column":0},"end":{"line":23,"column":6}},"23":{"start":{"line":24,"column":0},"end":{"line":24,"column":4}},"25":{"start":{"line":26,"column":0},"end":{"line":26,"column":98}},"26":{"start":{"line":27,"column":0},"end":{"line":27,"column":24}},"27":{"start":{"line":28,"column":0},"end":{"line":28,"column":11}},"28":{"start":{"line":29,"column":0},"end":{"line":29,"column":58}},"29":{"start":{"line":30,"column":0},"end":{"line":30,"column":23}},"30":{"start":{"line":31,"column":0},"end":{"line":31,"column":34}},"31":{"start":{"line":32,"column":0},"end":{"line":32,"column":7}},"32":{"start":{"line":33,"column":0},"end":{"line":33,"column":6}},"33":{"start":{"line":34,"column":0},"end":{"line":34,"column":3}},"35":{"start":{"line":36,"column":0},"end":{"line":36,"column":62}},"36":{"start":{"line":37,"column":0},"end":{"line":37,"column":65}},"37":{"start":{"line":38,"column":0},"end":{"line":38,"column":12}},"38":{"start":{"line":39,"column":0},"end":{"line":39,"column":17}},"39":{"start":{"line":40,"column":0},"end":{"line":40,"column":9}},"40":{"start":{"line":41,"column":0},"end":{"line":41,"column":27}},"41":{"start":{"line":42,"column":0},"end":{"line":42,"column":39}},"42":{"start":{"line":43,"column":0},"end":{"line":43,"column":49}},"43":{"start":{"line":44,"column":0},"end":{"line":44,"column":10}},"44":{"start":{"line":45,"column":0},"end":{"line":45,"column":8}},"45":{"start":{"line":46,"column":0},"end":{"line":46,"column":6}},"46":{"start":{"line":47,"column":0},"end":{"line":47,"column":3}},"48":{"start":{"line":49,"column":0},"end":{"line":49,"column":22}},"49":{"start":{"line":50,"column":0},"end":{"line":50,"column":19}},"50":{"start":{"line":51,"column":0},"end":{"line":51,"column":5}},"51":{"start":{"line":52,"column":0},"end":{"line":52,"column":35}},"52":{"start":{"line":53,"column":0},"end":{"line":53,"column":146}},"53":{"start":{"line":54,"column":0},"end":{"line":54,"column":22}},"54":{"start":{"line":55,"column":0},"end":{"line":55,"column":64}},"55":{"start":{"line":56,"column":0},"end":{"line":56,"column":6}},"56":{"start":{"line":57,"column":0},"end":{"line":57,"column":17}},"57":{"start":{"line":58,"column":0},"end":{"line":58,"column":11}},"58":{"start":{"line":59,"column":0},"end":{"line":59,"column":55}},"59":{"start":{"line":60,"column":0},"end":{"line":60,"column":23}},"60":{"start":{"line":61,"column":0},"end":{"line":61,"column":34}},"61":{"start":{"line":62,"column":0},"end":{"line":62,"column":7}},"62":{"start":{"line":63,"column":0},"end":{"line":63,"column":6}},"63":{"start":{"line":64,"column":0},"end":{"line":64,"column":4}},"65":{"start":{"line":66,"column":0},"end":{"line":66,"column":22}},"66":{"start":{"line":67,"column":0},"end":{"line":67,"column":28}},"67":{"start":{"line":68,"column":0},"end":{"line":68,"column":5}},"68":{"start":{"line":69,"column":0},"end":{"line":69,"column":37}},"69":{"start":{"line":70,"column":0},"end":{"line":70,"column":102}},"70":{"start":{"line":71,"column":0},"end":{"line":71,"column":20}},"71":{"start":{"line":72,"column":0},"end":{"line":72,"column":73}},"72":{"start":{"line":73,"column":0},"end":{"line":73,"column":72}},"73":{"start":{"line":74,"column":0},"end":{"line":74,"column":8}},"74":{"start":{"line":75,"column":0},"end":{"line":75,"column":42}},"75":{"start":{"line":76,"column":0},"end":{"line":76,"column":6}},"76":{"start":{"line":77,"column":0},"end":{"line":77,"column":36}},"77":{"start":{"line":78,"column":0},"end":{"line":78,"column":11}},"78":{"start":{"line":79,"column":0},"end":{"line":79,"column":85}},"79":{"start":{"line":80,"column":0},"end":{"line":80,"column":23}},"80":{"start":{"line":81,"column":0},"end":{"line":81,"column":34}},"81":{"start":{"line":82,"column":0},"end":{"line":82,"column":7}},"82":{"start":{"line":83,"column":0},"end":{"line":83,"column":6}},"83":{"start":{"line":84,"column":0},"end":{"line":84,"column":4}},"85":{"start":{"line":86,"column":0},"end":{"line":86,"column":22}},"86":{"start":{"line":87,"column":0},"end":{"line":87,"column":22}},"87":{"start":{"line":88,"column":0},"end":{"line":88,"column":5}},"88":{"start":{"line":89,"column":0},"end":{"line":89,"column":31}},"89":{"start":{"line":90,"column":0},"end":{"line":90,"column":82}},"90":{"start":{"line":91,"column":0},"end":{"line":91,"column":22}},"91":{"start":{"line":92,"column":0},"end":{"line":92,"column":42}},"92":{"start":{"line":93,"column":0},"end":{"line":93,"column":6}},"93":{"start":{"line":94,"column":0},"end":{"line":94,"column":26}},"94":{"start":{"line":95,"column":0},"end":{"line":95,"column":4}},"96":{"start":{"line":97,"column":0},"end":{"line":97,"column":22}},"97":{"start":{"line":98,"column":0},"end":{"line":98,"column":25}},"98":{"start":{"line":99,"column":0},"end":{"line":99,"column":5}},"99":{"start":{"line":100,"column":0},"end":{"line":100,"column":34}},"100":{"start":{"line":101,"column":0},"end":{"line":101,"column":90}},"101":{"start":{"line":102,"column":0},"end":{"line":102,"column":20}},"102":{"start":{"line":103,"column":0},"end":{"line":103,"column":72}},"103":{"start":{"line":104,"column":0},"end":{"line":104,"column":106}},"104":{"start":{"line":105,"column":0},"end":{"line":105,"column":8}},"105":{"start":{"line":106,"column":0},"end":{"line":106,"column":42}},"106":{"start":{"line":107,"column":0},"end":{"line":107,"column":6}},"107":{"start":{"line":108,"column":0},"end":{"line":108,"column":32}},"108":{"start":{"line":109,"column":0},"end":{"line":109,"column":11}},"109":{"start":{"line":110,"column":0},"end":{"line":110,"column":73}},"110":{"start":{"line":111,"column":0},"end":{"line":111,"column":23}},"111":{"start":{"line":112,"column":0},"end":{"line":112,"column":34}},"112":{"start":{"line":113,"column":0},"end":{"line":113,"column":7}},"113":{"start":{"line":114,"column":0},"end":{"line":114,"column":6}},"114":{"start":{"line":115,"column":0},"end":{"line":115,"column":4}},"116":{"start":{"line":117,"column":0},"end":{"line":117,"column":22}},"117":{"start":{"line":118,"column":0},"end":{"line":118,"column":28}},"118":{"start":{"line":119,"column":0},"end":{"line":119,"column":5}},"119":{"start":{"line":120,"column":0},"end":{"line":120,"column":36}},"120":{"start":{"line":121,"column":0},"end":{"line":121,"column":91}},"121":{"start":{"line":122,"column":0},"end":{"line":122,"column":20}},"122":{"start":{"line":123,"column":0},"end":{"line":123,"column":31}},"123":{"start":{"line":124,"column":0},"end":{"line":124,"column":64}},"124":{"start":{"line":125,"column":0},"end":{"line":125,"column":79}},"125":{"start":{"line":126,"column":0},"end":{"line":126,"column":8}},"126":{"start":{"line":127,"column":0},"end":{"line":127,"column":42}},"127":{"start":{"line":128,"column":0},"end":{"line":128,"column":6}},"128":{"start":{"line":129,"column":0},"end":{"line":129,"column":71}},"129":{"start":{"line":130,"column":0},"end":{"line":130,"column":11}},"130":{"start":{"line":131,"column":0},"end":{"line":131,"column":116}},"131":{"start":{"line":132,"column":0},"end":{"line":132,"column":23}},"132":{"start":{"line":133,"column":0},"end":{"line":133,"column":34}},"133":{"start":{"line":134,"column":0},"end":{"line":134,"column":7}},"134":{"start":{"line":135,"column":0},"end":{"line":135,"column":6}},"135":{"start":{"line":136,"column":0},"end":{"line":136,"column":4}},"137":{"start":{"line":138,"column":0},"end":{"line":138,"column":22}},"138":{"start":{"line":139,"column":0},"end":{"line":139,"column":27}},"139":{"start":{"line":140,"column":0},"end":{"line":140,"column":5}},"140":{"start":{"line":141,"column":0},"end":{"line":141,"column":36}},"141":{"start":{"line":142,"column":0},"end":{"line":142,"column":100}},"142":{"start":{"line":143,"column":0},"end":{"line":143,"column":20}},"143":{"start":{"line":144,"column":0},"end":{"line":144,"column":31}},"144":{"start":{"line":145,"column":0},"end":{"line":145,"column":79}},"145":{"start":{"line":146,"column":0},"end":{"line":146,"column":8}},"146":{"start":{"line":147,"column":0},"end":{"line":147,"column":42}},"147":{"start":{"line":148,"column":0},"end":{"line":148,"column":6}},"148":{"start":{"line":149,"column":0},"end":{"line":149,"column":52}},"149":{"start":{"line":150,"column":0},"end":{"line":150,"column":11}},"150":{"start":{"line":151,"column":0},"end":{"line":151,"column":96}},"151":{"start":{"line":152,"column":0},"end":{"line":152,"column":23}},"152":{"start":{"line":153,"column":0},"end":{"line":153,"column":34}},"153":{"start":{"line":154,"column":0},"end":{"line":154,"column":7}},"154":{"start":{"line":155,"column":0},"end":{"line":155,"column":6}},"155":{"start":{"line":156,"column":0},"end":{"line":156,"column":4}},"157":{"start":{"line":158,"column":0},"end":{"line":158,"column":22}},"158":{"start":{"line":159,"column":0},"end":{"line":159,"column":31}},"159":{"start":{"line":160,"column":0},"end":{"line":160,"column":5}},"160":{"start":{"line":161,"column":0},"end":{"line":161,"column":39}},"161":{"start":{"line":162,"column":0},"end":{"line":162,"column":79}},"162":{"start":{"line":163,"column":0},"end":{"line":163,"column":20}},"163":{"start":{"line":164,"column":0},"end":{"line":164,"column":82}},"164":{"start":{"line":165,"column":0},"end":{"line":165,"column":121}},"165":{"start":{"line":166,"column":0},"end":{"line":166,"column":8}},"166":{"start":{"line":167,"column":0},"end":{"line":167,"column":6}},"167":{"start":{"line":168,"column":0},"end":{"line":168,"column":37}},"168":{"start":{"line":169,"column":0},"end":{"line":169,"column":11}},"169":{"start":{"line":170,"column":0},"end":{"line":170,"column":90}},"170":{"start":{"line":171,"column":0},"end":{"line":171,"column":23}},"171":{"start":{"line":172,"column":0},"end":{"line":172,"column":34}},"172":{"start":{"line":173,"column":0},"end":{"line":173,"column":7}},"173":{"start":{"line":174,"column":0},"end":{"line":174,"column":6}},"174":{"start":{"line":175,"column":0},"end":{"line":175,"column":4}},"176":{"start":{"line":177,"column":0},"end":{"line":177,"column":22}},"177":{"start":{"line":178,"column":0},"end":{"line":178,"column":26}},"178":{"start":{"line":179,"column":0},"end":{"line":179,"column":5}},"179":{"start":{"line":180,"column":0},"end":{"line":180,"column":35}},"180":{"start":{"line":181,"column":0},"end":{"line":181,"column":87}},"181":{"start":{"line":182,"column":0},"end":{"line":182,"column":20}},"182":{"start":{"line":183,"column":0},"end":{"line":183,"column":87}},"183":{"start":{"line":184,"column":0},"end":{"line":184,"column":80}},"184":{"start":{"line":185,"column":0},"end":{"line":185,"column":86}},"185":{"start":{"line":186,"column":0},"end":{"line":186,"column":74}},"186":{"start":{"line":187,"column":0},"end":{"line":187,"column":8}},"187":{"start":{"line":188,"column":0},"end":{"line":188,"column":111}},"188":{"start":{"line":189,"column":0},"end":{"line":189,"column":6}},"189":{"start":{"line":190,"column":0},"end":{"line":190,"column":58}},"190":{"start":{"line":191,"column":0},"end":{"line":191,"column":11}},"191":{"start":{"line":192,"column":0},"end":{"line":192,"column":106}},"192":{"start":{"line":193,"column":0},"end":{"line":193,"column":23}},"193":{"start":{"line":194,"column":0},"end":{"line":194,"column":34}},"194":{"start":{"line":195,"column":0},"end":{"line":195,"column":7}},"195":{"start":{"line":196,"column":0},"end":{"line":196,"column":6}},"196":{"start":{"line":197,"column":0},"end":{"line":197,"column":4}},"198":{"start":{"line":199,"column":0},"end":{"line":199,"column":22}},"199":{"start":{"line":200,"column":0},"end":{"line":200,"column":26}},"200":{"start":{"line":201,"column":0},"end":{"line":201,"column":5}},"201":{"start":{"line":202,"column":0},"end":{"line":202,"column":35}},"202":{"start":{"line":203,"column":0},"end":{"line":203,"column":71}},"203":{"start":{"line":204,"column":0},"end":{"line":204,"column":20}},"204":{"start":{"line":205,"column":0},"end":{"line":205,"column":31}},"205":{"start":{"line":206,"column":0},"end":{"line":206,"column":122}},"206":{"start":{"line":207,"column":0},"end":{"line":207,"column":8}},"207":{"start":{"line":208,"column":0},"end":{"line":208,"column":6}},"208":{"start":{"line":209,"column":0},"end":{"line":209,"column":47}},"209":{"start":{"line":210,"column":0},"end":{"line":210,"column":11}},"210":{"start":{"line":211,"column":0},"end":{"line":211,"column":95}},"211":{"start":{"line":212,"column":0},"end":{"line":212,"column":23}},"212":{"start":{"line":213,"column":0},"end":{"line":213,"column":34}},"213":{"start":{"line":214,"column":0},"end":{"line":214,"column":7}},"214":{"start":{"line":215,"column":0},"end":{"line":215,"column":6}},"215":{"start":{"line":216,"column":0},"end":{"line":216,"column":4}},"217":{"start":{"line":218,"column":0},"end":{"line":218,"column":22}},"218":{"start":{"line":219,"column":0},"end":{"line":219,"column":36}},"219":{"start":{"line":220,"column":0},"end":{"line":220,"column":5}},"220":{"start":{"line":221,"column":0},"end":{"line":221,"column":39}},"221":{"start":{"line":222,"column":0},"end":{"line":222,"column":135}},"222":{"start":{"line":223,"column":0},"end":{"line":223,"column":20}},"223":{"start":{"line":224,"column":0},"end":{"line":224,"column":98}},"224":{"start":{"line":225,"column":0},"end":{"line":225,"column":137}},"225":{"start":{"line":226,"column":0},"end":{"line":226,"column":136}},"226":{"start":{"line":227,"column":0},"end":{"line":227,"column":122}},"227":{"start":{"line":228,"column":0},"end":{"line":228,"column":107}},"228":{"start":{"line":229,"column":0},"end":{"line":229,"column":128}},"229":{"start":{"line":230,"column":0},"end":{"line":230,"column":8}},"230":{"start":{"line":231,"column":0},"end":{"line":231,"column":111}},"231":{"start":{"line":232,"column":0},"end":{"line":232,"column":6}},"232":{"start":{"line":233,"column":0},"end":{"line":233,"column":109}},"233":{"start":{"line":234,"column":0},"end":{"line":234,"column":11}},"234":{"start":{"line":235,"column":0},"end":{"line":235,"column":26}},"235":{"start":{"line":236,"column":0},"end":{"line":236,"column":57}},"236":{"start":{"line":237,"column":0},"end":{"line":237,"column":23}},"237":{"start":{"line":238,"column":0},"end":{"line":238,"column":26}},"238":{"start":{"line":239,"column":0},"end":{"line":239,"column":27}},"239":{"start":{"line":240,"column":0},"end":{"line":240,"column":25}},"240":{"start":{"line":241,"column":0},"end":{"line":241,"column":37}},"241":{"start":{"line":242,"column":0},"end":{"line":242,"column":44}},"242":{"start":{"line":243,"column":0},"end":{"line":243,"column":13}},"243":{"start":{"line":244,"column":0},"end":{"line":244,"column":10}},"244":{"start":{"line":245,"column":0},"end":{"line":245,"column":23}},"245":{"start":{"line":246,"column":0},"end":{"line":246,"column":34}},"246":{"start":{"line":247,"column":0},"end":{"line":247,"column":7}},"247":{"start":{"line":248,"column":0},"end":{"line":248,"column":6}},"248":{"start":{"line":249,"column":0},"end":{"line":249,"column":4}},"250":{"start":{"line":251,"column":0},"end":{"line":251,"column":22}},"251":{"start":{"line":252,"column":0},"end":{"line":252,"column":25}},"252":{"start":{"line":253,"column":0},"end":{"line":253,"column":5}},"253":{"start":{"line":254,"column":0},"end":{"line":254,"column":34}},"254":{"start":{"line":255,"column":0},"end":{"line":255,"column":75}},"255":{"start":{"line":256,"column":0},"end":{"line":256,"column":20}},"256":{"start":{"line":257,"column":0},"end":{"line":257,"column":117}},"257":{"start":{"line":258,"column":0},"end":{"line":258,"column":123}},"258":{"start":{"line":259,"column":0},"end":{"line":259,"column":72}},"259":{"start":{"line":260,"column":0},"end":{"line":260,"column":8}},"260":{"start":{"line":261,"column":0},"end":{"line":261,"column":42}},"261":{"start":{"line":262,"column":0},"end":{"line":262,"column":6}},"262":{"start":{"line":263,"column":0},"end":{"line":263,"column":42}},"263":{"start":{"line":264,"column":0},"end":{"line":264,"column":11}},"264":{"start":{"line":265,"column":0},"end":{"line":265,"column":106}},"265":{"start":{"line":266,"column":0},"end":{"line":266,"column":23}},"266":{"start":{"line":267,"column":0},"end":{"line":267,"column":34}},"267":{"start":{"line":268,"column":0},"end":{"line":268,"column":7}},"268":{"start":{"line":269,"column":0},"end":{"line":269,"column":6}},"269":{"start":{"line":270,"column":0},"end":{"line":270,"column":4}},"271":{"start":{"line":272,"column":0},"end":{"line":272,"column":22}},"272":{"start":{"line":273,"column":0},"end":{"line":273,"column":35}},"273":{"start":{"line":274,"column":0},"end":{"line":274,"column":5}},"274":{"start":{"line":275,"column":0},"end":{"line":275,"column":40}},"275":{"start":{"line":276,"column":0},"end":{"line":276,"column":122}},"276":{"start":{"line":277,"column":0},"end":{"line":277,"column":22}},"277":{"start":{"line":278,"column":0},"end":{"line":278,"column":42}},"278":{"start":{"line":279,"column":0},"end":{"line":279,"column":6}},"279":{"start":{"line":280,"column":0},"end":{"line":280,"column":35}},"280":{"start":{"line":281,"column":0},"end":{"line":281,"column":4}},"282":{"start":{"line":283,"column":0},"end":{"line":283,"column":127}},"283":{"start":{"line":284,"column":0},"end":{"line":284,"column":24}},"284":{"start":{"line":285,"column":0},"end":{"line":285,"column":11}},"285":{"start":{"line":286,"column":0},"end":{"line":286,"column":7}},"286":{"start":{"line":287,"column":0},"end":{"line":287,"column":81}},"287":{"start":{"line":288,"column":0},"end":{"line":288,"column":20}},"288":{"start":{"line":289,"column":0},"end":{"line":289,"column":29}},"289":{"start":{"line":290,"column":0},"end":{"line":290,"column":99}},"290":{"start":{"line":291,"column":0},"end":{"line":291,"column":100}},"291":{"start":{"line":292,"column":0},"end":{"line":292,"column":22}},"292":{"start":{"line":293,"column":0},"end":{"line":293,"column":76}},"293":{"start":{"line":294,"column":0},"end":{"line":294,"column":77}},"294":{"start":{"line":295,"column":0},"end":{"line":295,"column":80}},"295":{"start":{"line":296,"column":0},"end":{"line":296,"column":80}},"296":{"start":{"line":297,"column":0},"end":{"line":297,"column":120}},"297":{"start":{"line":298,"column":0},"end":{"line":298,"column":10}},"298":{"start":{"line":299,"column":0},"end":{"line":299,"column":8}},"299":{"start":{"line":300,"column":0},"end":{"line":300,"column":92}},"300":{"start":{"line":301,"column":0},"end":{"line":301,"column":13}},"301":{"start":{"line":302,"column":0},"end":{"line":302,"column":28}},"302":{"start":{"line":303,"column":0},"end":{"line":303,"column":45}},"303":{"start":{"line":304,"column":0},"end":{"line":304,"column":19}},"304":{"start":{"line":305,"column":0},"end":{"line":305,"column":44}},"305":{"start":{"line":306,"column":0},"end":{"line":306,"column":46}},"306":{"start":{"line":307,"column":0},"end":{"line":307,"column":52}},"307":{"start":{"line":308,"column":0},"end":{"line":308,"column":52}},"308":{"start":{"line":309,"column":0},"end":{"line":309,"column":79}},"309":{"start":{"line":310,"column":0},"end":{"line":310,"column":15}},"310":{"start":{"line":311,"column":0},"end":{"line":311,"column":12}},"311":{"start":{"line":312,"column":0},"end":{"line":312,"column":25}},"312":{"start":{"line":313,"column":0},"end":{"line":313,"column":36}},"313":{"start":{"line":314,"column":0},"end":{"line":314,"column":9}},"314":{"start":{"line":315,"column":0},"end":{"line":315,"column":8}},"315":{"start":{"line":316,"column":0},"end":{"line":316,"column":6}},"316":{"start":{"line":317,"column":0},"end":{"line":317,"column":3}},"318":{"start":{"line":319,"column":0},"end":{"line":319,"column":63}},"319":{"start":{"line":320,"column":0},"end":{"line":320,"column":63}},"321":{"start":{"line":322,"column":0},"end":{"line":322,"column":22}},"322":{"start":{"line":323,"column":0},"end":{"line":323,"column":30}},"323":{"start":{"line":324,"column":0},"end":{"line":324,"column":5}},"324":{"start":{"line":325,"column":0},"end":{"line":325,"column":39}},"325":{"start":{"line":326,"column":0},"end":{"line":326,"column":98}},"326":{"start":{"line":327,"column":0},"end":{"line":327,"column":20}},"327":{"start":{"line":328,"column":0},"end":{"line":328,"column":56}},"328":{"start":{"line":329,"column":0},"end":{"line":329,"column":72}},"329":{"start":{"line":330,"column":0},"end":{"line":330,"column":8}},"331":{"start":{"line":332,"column":0},"end":{"line":332,"column":112}},"332":{"start":{"line":333,"column":0},"end":{"line":333,"column":6}},"333":{"start":{"line":334,"column":0},"end":{"line":334,"column":40}},"334":{"start":{"line":335,"column":0},"end":{"line":335,"column":11}},"335":{"start":{"line":336,"column":0},"end":{"line":336,"column":92}},"336":{"start":{"line":337,"column":0},"end":{"line":337,"column":23}},"337":{"start":{"line":338,"column":0},"end":{"line":338,"column":34}},"338":{"start":{"line":339,"column":0},"end":{"line":339,"column":7}},"339":{"start":{"line":340,"column":0},"end":{"line":340,"column":6}},"340":{"start":{"line":341,"column":0},"end":{"line":341,"column":4}},"342":{"start":{"line":343,"column":0},"end":{"line":343,"column":22}},"343":{"start":{"line":344,"column":0},"end":{"line":344,"column":28}},"344":{"start":{"line":345,"column":0},"end":{"line":345,"column":5}},"345":{"start":{"line":346,"column":0},"end":{"line":346,"column":37}},"346":{"start":{"line":347,"column":0},"end":{"line":347,"column":53}},"347":{"start":{"line":348,"column":0},"end":{"line":348,"column":22}},"348":{"start":{"line":349,"column":0},"end":{"line":349,"column":111}},"349":{"start":{"line":350,"column":0},"end":{"line":350,"column":6}},"350":{"start":{"line":351,"column":0},"end":{"line":351,"column":17}},"351":{"start":{"line":352,"column":0},"end":{"line":352,"column":11}},"352":{"start":{"line":353,"column":0},"end":{"line":353,"column":80}},"353":{"start":{"line":354,"column":0},"end":{"line":354,"column":23}},"354":{"start":{"line":355,"column":0},"end":{"line":355,"column":34}},"355":{"start":{"line":356,"column":0},"end":{"line":356,"column":7}},"356":{"start":{"line":357,"column":0},"end":{"line":357,"column":6}},"357":{"start":{"line":358,"column":0},"end":{"line":358,"column":4}},"359":{"start":{"line":360,"column":0},"end":{"line":360,"column":22}},"360":{"start":{"line":361,"column":0},"end":{"line":361,"column":27}},"361":{"start":{"line":362,"column":0},"end":{"line":362,"column":5}},"362":{"start":{"line":363,"column":0},"end":{"line":363,"column":36}},"363":{"start":{"line":364,"column":0},"end":{"line":364,"column":62}},"364":{"start":{"line":365,"column":0},"end":{"line":365,"column":22}},"365":{"start":{"line":366,"column":0},"end":{"line":366,"column":111}},"366":{"start":{"line":367,"column":0},"end":{"line":367,"column":6}},"367":{"start":{"line":368,"column":0},"end":{"line":368,"column":17}},"368":{"start":{"line":369,"column":0},"end":{"line":369,"column":11}},"369":{"start":{"line":370,"column":0},"end":{"line":370,"column":79}},"370":{"start":{"line":371,"column":0},"end":{"line":371,"column":23}},"371":{"start":{"line":372,"column":0},"end":{"line":372,"column":34}},"372":{"start":{"line":373,"column":0},"end":{"line":373,"column":7}},"373":{"start":{"line":374,"column":0},"end":{"line":374,"column":6}},"374":{"start":{"line":375,"column":0},"end":{"line":375,"column":4}},"376":{"start":{"line":377,"column":0},"end":{"line":377,"column":26}},"377":{"start":{"line":378,"column":0},"end":{"line":378,"column":31}},"378":{"start":{"line":379,"column":0},"end":{"line":379,"column":33}},"379":{"start":{"line":380,"column":0},"end":{"line":380,"column":5}},"380":{"start":{"line":381,"column":0},"end":{"line":381,"column":40}},"381":{"start":{"line":382,"column":0},"end":{"line":382,"column":80}},"382":{"start":{"line":383,"column":0},"end":{"line":383,"column":35}},"383":{"start":{"line":384,"column":0},"end":{"line":384,"column":6}},"384":{"start":{"line":385,"column":0},"end":{"line":385,"column":66}},"385":{"start":{"line":386,"column":0},"end":{"line":386,"column":4}},"387":{"start":{"line":388,"column":0},"end":{"line":388,"column":26}},"388":{"start":{"line":389,"column":0},"end":{"line":389,"column":29}},"389":{"start":{"line":390,"column":0},"end":{"line":390,"column":31}},"390":{"start":{"line":391,"column":0},"end":{"line":391,"column":5}},"391":{"start":{"line":392,"column":0},"end":{"line":392,"column":38}},"392":{"start":{"line":393,"column":0},"end":{"line":393,"column":50}},"393":{"start":{"line":394,"column":0},"end":{"line":394,"column":35}},"394":{"start":{"line":395,"column":0},"end":{"line":395,"column":6}},"395":{"start":{"line":396,"column":0},"end":{"line":396,"column":65}},"396":{"start":{"line":397,"column":0},"end":{"line":397,"column":4}},"398":{"start":{"line":399,"column":0},"end":{"line":399,"column":26}},"399":{"start":{"line":400,"column":0},"end":{"line":400,"column":32}},"400":{"start":{"line":401,"column":0},"end":{"line":401,"column":34}},"401":{"start":{"line":402,"column":0},"end":{"line":402,"column":5}},"402":{"start":{"line":403,"column":0},"end":{"line":403,"column":41}},"403":{"start":{"line":404,"column":0},"end":{"line":404,"column":70}},"404":{"start":{"line":405,"column":0},"end":{"line":405,"column":35}},"405":{"start":{"line":406,"column":0},"end":{"line":406,"column":6}},"406":{"start":{"line":407,"column":0},"end":{"line":407,"column":105}},"407":{"start":{"line":408,"column":0},"end":{"line":408,"column":4}},"409":{"start":{"line":410,"column":0},"end":{"line":410,"column":26}},"410":{"start":{"line":411,"column":0},"end":{"line":411,"column":23}},"411":{"start":{"line":412,"column":0},"end":{"line":412,"column":81}},"412":{"start":{"line":413,"column":0},"end":{"line":413,"column":5}},"413":{"start":{"line":414,"column":0},"end":{"line":414,"column":32}},"414":{"start":{"line":415,"column":0},"end":{"line":415,"column":72}},"415":{"start":{"line":416,"column":0},"end":{"line":416,"column":35}},"416":{"start":{"line":417,"column":0},"end":{"line":417,"column":6}},"417":{"start":{"line":418,"column":0},"end":{"line":418,"column":128}},"418":{"start":{"line":419,"column":0},"end":{"line":419,"column":4}},"420":{"start":{"line":421,"column":0},"end":{"line":421,"column":26}},"421":{"start":{"line":422,"column":0},"end":{"line":422,"column":31}},"422":{"start":{"line":423,"column":0},"end":{"line":423,"column":33}},"423":{"start":{"line":424,"column":0},"end":{"line":424,"column":5}},"424":{"start":{"line":425,"column":0},"end":{"line":425,"column":40}},"425":{"start":{"line":426,"column":0},"end":{"line":426,"column":65}},"426":{"start":{"line":427,"column":0},"end":{"line":427,"column":35}},"427":{"start":{"line":428,"column":0},"end":{"line":428,"column":6}},"428":{"start":{"line":429,"column":0},"end":{"line":429,"column":98}},"429":{"start":{"line":430,"column":0},"end":{"line":430,"column":4}},"431":{"start":{"line":432,"column":0},"end":{"line":432,"column":26}},"432":{"start":{"line":433,"column":0},"end":{"line":433,"column":30}},"433":{"start":{"line":434,"column":0},"end":{"line":434,"column":83}},"434":{"start":{"line":435,"column":0},"end":{"line":435,"column":5}},"435":{"start":{"line":436,"column":0},"end":{"line":436,"column":38}},"436":{"start":{"line":437,"column":0},"end":{"line":437,"column":57}},"437":{"start":{"line":438,"column":0},"end":{"line":438,"column":35}},"438":{"start":{"line":439,"column":0},"end":{"line":439,"column":6}},"439":{"start":{"line":440,"column":0},"end":{"line":440,"column":131}},"440":{"start":{"line":441,"column":0},"end":{"line":441,"column":4}},"442":{"start":{"line":443,"column":0},"end":{"line":443,"column":26}},"443":{"start":{"line":444,"column":0},"end":{"line":444,"column":31}},"444":{"start":{"line":445,"column":0},"end":{"line":445,"column":33}},"445":{"start":{"line":446,"column":0},"end":{"line":446,"column":5}},"446":{"start":{"line":447,"column":0},"end":{"line":447,"column":40}},"447":{"start":{"line":448,"column":0},"end":{"line":448,"column":65}},"448":{"start":{"line":449,"column":0},"end":{"line":449,"column":35}},"449":{"start":{"line":450,"column":0},"end":{"line":450,"column":6}},"450":{"start":{"line":451,"column":0},"end":{"line":451,"column":92}},"451":{"start":{"line":452,"column":0},"end":{"line":452,"column":4}},"453":{"start":{"line":454,"column":0},"end":{"line":454,"column":26}},"454":{"start":{"line":455,"column":0},"end":{"line":455,"column":31}},"455":{"start":{"line":456,"column":0},"end":{"line":456,"column":33}},"456":{"start":{"line":457,"column":0},"end":{"line":457,"column":5}},"457":{"start":{"line":458,"column":0},"end":{"line":458,"column":40}},"458":{"start":{"line":459,"column":0},"end":{"line":459,"column":65}},"459":{"start":{"line":460,"column":0},"end":{"line":460,"column":35}},"460":{"start":{"line":461,"column":0},"end":{"line":461,"column":6}},"461":{"start":{"line":462,"column":0},"end":{"line":462,"column":92}},"462":{"start":{"line":463,"column":0},"end":{"line":463,"column":4}},"464":{"start":{"line":465,"column":0},"end":{"line":465,"column":26}},"465":{"start":{"line":466,"column":0},"end":{"line":466,"column":25}},"466":{"start":{"line":467,"column":0},"end":{"line":467,"column":27}},"467":{"start":{"line":468,"column":0},"end":{"line":468,"column":5}},"468":{"start":{"line":469,"column":0},"end":{"line":469,"column":34}},"469":{"start":{"line":470,"column":0},"end":{"line":470,"column":68}},"470":{"start":{"line":471,"column":0},"end":{"line":471,"column":35}},"471":{"start":{"line":472,"column":0},"end":{"line":472,"column":6}},"472":{"start":{"line":473,"column":0},"end":{"line":473,"column":68}},"473":{"start":{"line":474,"column":0},"end":{"line":474,"column":4}},"475":{"start":{"line":476,"column":0},"end":{"line":476,"column":91}},"476":{"start":{"line":477,"column":0},"end":{"line":477,"column":26}},"477":{"start":{"line":478,"column":0},"end":{"line":478,"column":11}},"478":{"start":{"line":479,"column":0},"end":{"line":479,"column":7}},"479":{"start":{"line":480,"column":0},"end":{"line":480,"column":14}},"480":{"start":{"line":481,"column":0},"end":{"line":481,"column":20}},"481":{"start":{"line":482,"column":0},"end":{"line":482,"column":8}},"482":{"start":{"line":483,"column":0},"end":{"line":483,"column":20}},"483":{"start":{"line":484,"column":0},"end":{"line":484,"column":19}},"484":{"start":{"line":485,"column":0},"end":{"line":485,"column":11}},"485":{"start":{"line":486,"column":0},"end":{"line":486,"column":25}},"486":{"start":{"line":487,"column":0},"end":{"line":487,"column":22}},"487":{"start":{"line":488,"column":0},"end":{"line":488,"column":27}},"488":{"start":{"line":489,"column":0},"end":{"line":489,"column":19}},"489":{"start":{"line":490,"column":0},"end":{"line":490,"column":14}},"490":{"start":{"line":491,"column":0},"end":{"line":491,"column":12}},"491":{"start":{"line":492,"column":0},"end":{"line":492,"column":10}},"492":{"start":{"line":493,"column":0},"end":{"line":493,"column":9}},"493":{"start":{"line":494,"column":0},"end":{"line":494,"column":6}},"494":{"start":{"line":495,"column":0},"end":{"line":495,"column":3}},"496":{"start":{"line":497,"column":0},"end":{"line":497,"column":17}},"497":{"start":{"line":498,"column":0},"end":{"line":498,"column":35}},"498":{"start":{"line":499,"column":0},"end":{"line":499,"column":31}},"499":{"start":{"line":500,"column":0},"end":{"line":500,"column":75}},"500":{"start":{"line":501,"column":0},"end":{"line":501,"column":241}},"501":{"start":{"line":502,"column":0},"end":{"line":502,"column":4}},"503":{"start":{"line":504,"column":0},"end":{"line":504,"column":17}},"504":{"start":{"line":505,"column":0},"end":{"line":505,"column":30}},"505":{"start":{"line":506,"column":0},"end":{"line":506,"column":27}},"506":{"start":{"line":507,"column":0},"end":{"line":507,"column":79}},"507":{"start":{"line":508,"column":0},"end":{"line":508,"column":223}},"508":{"start":{"line":509,"column":0},"end":{"line":509,"column":4}},"510":{"start":{"line":511,"column":0},"end":{"line":511,"column":17}},"511":{"start":{"line":512,"column":0},"end":{"line":512,"column":30}},"512":{"start":{"line":513,"column":0},"end":{"line":513,"column":29}},"513":{"start":{"line":514,"column":0},"end":{"line":514,"column":59}},"514":{"start":{"line":515,"column":0},"end":{"line":515,"column":243}},"515":{"start":{"line":516,"column":0},"end":{"line":516,"column":4}},"517":{"start":{"line":518,"column":0},"end":{"line":518,"column":17}},"518":{"start":{"line":519,"column":0},"end":{"line":519,"column":42}},"519":{"start":{"line":520,"column":0},"end":{"line":520,"column":32}},"520":{"start":{"line":521,"column":0},"end":{"line":521,"column":59}},"521":{"start":{"line":522,"column":0},"end":{"line":522,"column":219}},"522":{"start":{"line":523,"column":0},"end":{"line":523,"column":4}},"524":{"start":{"line":525,"column":0},"end":{"line":525,"column":17}},"525":{"start":{"line":526,"column":0},"end":{"line":526,"column":36}},"526":{"start":{"line":527,"column":0},"end":{"line":527,"column":26}},"527":{"start":{"line":528,"column":0},"end":{"line":528,"column":65}},"528":{"start":{"line":529,"column":0},"end":{"line":529,"column":211}},"529":{"start":{"line":530,"column":0},"end":{"line":530,"column":4}},"531":{"start":{"line":532,"column":0},"end":{"line":532,"column":17}},"532":{"start":{"line":533,"column":0},"end":{"line":533,"column":32}},"533":{"start":{"line":534,"column":0},"end":{"line":534,"column":22}},"534":{"start":{"line":535,"column":0},"end":{"line":535,"column":71}},"535":{"start":{"line":536,"column":0},"end":{"line":536,"column":197}},"536":{"start":{"line":537,"column":0},"end":{"line":537,"column":4}},"538":{"start":{"line":539,"column":0},"end":{"line":539,"column":17}},"539":{"start":{"line":540,"column":0},"end":{"line":540,"column":30}},"540":{"start":{"line":541,"column":0},"end":{"line":541,"column":26}},"541":{"start":{"line":542,"column":0},"end":{"line":542,"column":50}},"542":{"start":{"line":543,"column":0},"end":{"line":543,"column":223}},"543":{"start":{"line":544,"column":0},"end":{"line":544,"column":4}},"545":{"start":{"line":546,"column":0},"end":{"line":546,"column":16}},"546":{"start":{"line":547,"column":0},"end":{"line":547,"column":1}}},"s":{"0":1,"1":1,"3":1,"4":1,"11":1,"13":1,"14":15,"15":15,"16":15,"17":15,"18":15,"19":15,"20":15,"21":15,"22":15,"23":15,"25":15,"26":30,"27":2,"28":2,"29":2,"30":2,"31":2,"32":2,"33":30,"35":15,"36":2,"37":2,"38":2,"39":2,"40":2,"41":2,"42":2,"43":2,"44":2,"45":2,"46":2,"48":15,"49":15,"50":15,"51":15,"52":15,"53":15,"54":15,"55":15,"56":15,"57":1,"58":1,"59":1,"60":0,"61":0,"62":1,"63":15,"65":15,"66":15,"67":15,"68":15,"69":15,"70":15,"71":15,"72":15,"73":15,"74":15,"75":15,"76":15,"77":1,"78":1,"79":1,"80":0,"81":0,"82":1,"83":15,"85":15,"86":15,"87":15,"88":15,"89":15,"90":15,"91":15,"92":15,"93":15,"94":15,"96":15,"97":15,"98":15,"99":15,"100":15,"101":15,"102":15,"103":15,"104":15,"105":15,"106":15,"107":15,"108":0,"109":0,"110":0,"111":0,"112":0,"113":0,"114":15,"116":15,"117":15,"118":15,"119":15,"120":15,"121":15,"122":15,"123":15,"124":15,"125":15,"126":15,"127":15,"128":15,"129":0,"130":0,"131":0,"132":0,"133":0,"134":0,"135":15,"137":15,"138":15,"139":15,"140":15,"141":15,"142":15,"143":15,"144":15,"145":15,"146":15,"147":15,"148":15,"149":0,"150":0,"151":0,"152":0,"153":0,"154":0,"155":15,"157":15,"158":15,"159":15,"160":15,"161":15,"162":15,"163":15,"164":15,"165":15,"166":15,"167":15,"168":0,"169":0,"170":0,"171":0,"172":0,"173":0,"174":15,"176":15,"177":15,"178":15,"179":15,"180":15,"181":15,"182":15,"183":15,"184":15,"185":15,"186":15,"187":15,"188":15,"189":15,"190":0,"191":0,"192":0,"193":0,"194":0,"195":0,"196":15,"198":15,"199":15,"200":15,"201":15,"202":15,"203":15,"204":15,"205":15,"206":15,"207":15,"208":15,"209":0,"210":0,"211":0,"212":0,"213":0,"214":0,"215":15,"217":15,"218":15,"219":15,"220":15,"221":15,"222":15,"223":15,"224":15,"225":15,"226":15,"227":15,"228":15,"229":15,"230":15,"231":15,"232":15,"233":1,"234":1,"235":1,"236":1,"237":1,"238":1,"239":1,"240":1,"241":1,"242":1,"243":1,"244":1,"245":0,"246":0,"247":1,"248":15,"250":15,"251":15,"252":15,"253":15,"254":15,"255":15,"256":15,"257":15,"258":15,"259":15,"260":15,"261":15,"262":15,"263":0,"264":0,"265":0,"266":0,"267":0,"268":0,"269":15,"271":15,"272":15,"273":15,"274":15,"275":15,"276":15,"277":15,"278":15,"279":15,"280":15,"282":15,"283":30,"284":30,"285":30,"286":30,"287":30,"288":30,"289":15,"290":15,"291":30,"292":30,"293":30,"294":30,"295":30,"296":30,"297":30,"298":30,"299":30,"300":1,"301":1,"302":1,"303":1,"304":1,"305":1,"306":1,"307":1,"308":1,"309":1,"310":1,"311":1,"312":0,"313":0,"314":1,"315":30,"316":30,"318":15,"319":15,"321":15,"322":15,"323":15,"324":15,"325":15,"326":15,"327":15,"328":15,"329":15,"331":15,"332":15,"333":15,"334":0,"335":0,"336":0,"337":0,"338":0,"339":0,"340":15,"342":15,"343":15,"344":15,"345":15,"346":15,"347":15,"348":15,"349":15,"350":15,"351":0,"352":0,"353":0,"354":0,"355":0,"356":0,"357":15,"359":15,"360":15,"361":15,"362":15,"363":15,"364":15,"365":15,"366":15,"367":15,"368":0,"369":0,"370":0,"371":0,"372":0,"373":0,"374":15,"376":15,"377":15,"378":15,"379":15,"380":15,"381":15,"382":15,"383":15,"384":15,"385":15,"387":15,"388":15,"389":15,"390":15,"391":15,"392":15,"393":15,"394":15,"395":15,"396":15,"398":15,"399":15,"400":15,"401":15,"402":15,"403":15,"404":15,"405":15,"406":15,"407":15,"409":15,"410":15,"411":15,"412":15,"413":15,"414":15,"415":15,"416":15,"417":15,"418":15,"420":15,"421":15,"422":15,"423":15,"424":15,"425":15,"426":15,"427":15,"428":15,"429":15,"431":15,"432":15,"433":15,"434":15,"435":15,"436":15,"437":15,"438":15,"439":15,"440":15,"442":15,"443":15,"444":15,"445":15,"446":15,"447":15,"448":15,"449":15,"450":15,"451":15,"453":15,"454":15,"455":15,"456":15,"457":15,"458":15,"459":15,"460":15,"461":15,"462":15,"464":15,"465":15,"466":15,"467":15,"468":15,"469":15,"470":15,"471":15,"472":15,"473":15,"475":15,"476":105,"477":105,"478":105,"479":105,"480":105,"481":105,"482":105,"483":1,"484":1,"485":1,"486":1,"487":1,"488":1,"489":1,"490":1,"491":1,"492":1,"493":105,"494":105,"496":15,"497":15,"498":15,"499":15,"500":15,"501":15,"503":15,"504":15,"505":15,"506":15,"507":15,"508":15,"510":15,"511":15,"512":15,"513":15,"514":15,"515":15,"517":15,"518":15,"519":15,"520":15,"521":15,"522":15,"524":15,"525":15,"526":15,"527":15,"528":15,"529":15,"531":15,"532":15,"533":15,"534":15,"535":15,"536":15,"538":15,"539":15,"540":15,"541":15,"542":15,"543":15,"545":15,"546":15},"branchMap":{"0":{"type":"branch","line":14,"loc":{"start":{"line":14,"column":7},"end":{"line":547,"column":1}},"locations":[{"start":{"line":14,"column":7},"end":{"line":547,"column":1}}]},"1":{"type":"branch","line":26,"loc":{"start":{"line":26,"column":2},"end":{"line":34,"column":3}},"locations":[{"start":{"line":26,"column":2},"end":{"line":34,"column":3}}]},"2":{"type":"branch","line":27,"loc":{"start":{"line":27,"column":11},"end":{"line":33,"column":6}},"locations":[{"start":{"line":27,"column":11},"end":{"line":33,"column":6}}]},"3":{"type":"branch","line":29,"loc":{"start":{"line":29,"column":56},"end":{"line":30,"column":15}},"locations":[{"start":{"line":29,"column":56},"end":{"line":30,"column":15}}]},"4":{"type":"branch","line":36,"loc":{"start":{"line":36,"column":2},"end":{"line":47,"column":3}},"locations":[{"start":{"line":36,"column":2},"end":{"line":47,"column":3}}]},"5":{"type":"branch","line":37,"loc":{"start":{"line":37,"column":39},"end":{"line":37,"column":56}},"locations":[{"start":{"line":37,"column":39},"end":{"line":37,"column":56}}]},"6":{"type":"branch","line":57,"loc":{"start":{"line":57,"column":4},"end":{"line":63,"column":6}},"locations":[{"start":{"line":57,"column":4},"end":{"line":63,"column":6}}]},"7":{"type":"branch","line":60,"loc":{"start":{"line":60,"column":6},"end":{"line":62,"column":7}},"locations":[{"start":{"line":60,"column":6},"end":{"line":62,"column":7}}]},"8":{"type":"branch","line":77,"loc":{"start":{"line":77,"column":4},"end":{"line":83,"column":6}},"locations":[{"start":{"line":77,"column":4},"end":{"line":83,"column":6}}]},"9":{"type":"branch","line":80,"loc":{"start":{"line":80,"column":6},"end":{"line":82,"column":7}},"locations":[{"start":{"line":80,"column":6},"end":{"line":82,"column":7}}]},"10":{"type":"branch","line":233,"loc":{"start":{"line":233,"column":4},"end":{"line":248,"column":6}},"locations":[{"start":{"line":233,"column":4},"end":{"line":248,"column":6}}]},"11":{"type":"branch","line":245,"loc":{"start":{"line":245,"column":6},"end":{"line":247,"column":7}},"locations":[{"start":{"line":245,"column":6},"end":{"line":247,"column":7}}]},"12":{"type":"branch","line":283,"loc":{"start":{"line":283,"column":2},"end":{"line":317,"column":3}},"locations":[{"start":{"line":283,"column":2},"end":{"line":317,"column":3}}]},"13":{"type":"branch","line":287,"loc":{"start":{"line":287,"column":24},"end":{"line":287,"column":60}},"locations":[{"start":{"line":287,"column":24},"end":{"line":287,"column":60}}]},"14":{"type":"branch","line":287,"loc":{"start":{"line":287,"column":37},"end":{"line":287,"column":81}},"locations":[{"start":{"line":287,"column":37},"end":{"line":287,"column":81}}]},"15":{"type":"branch","line":289,"loc":{"start":{"line":289,"column":19},"end":{"line":290,"column":99}},"locations":[{"start":{"line":289,"column":19},"end":{"line":290,"column":99}}]},"16":{"type":"branch","line":290,"loc":{"start":{"line":290,"column":14},"end":{"line":291,"column":100}},"locations":[{"start":{"line":290,"column":14},"end":{"line":291,"column":100}}]},"17":{"type":"branch","line":300,"loc":{"start":{"line":300,"column":6},"end":{"line":315,"column":8}},"locations":[{"start":{"line":300,"column":6},"end":{"line":315,"column":8}}]},"18":{"type":"branch","line":309,"loc":{"start":{"line":309,"column":54},"end":{"line":309,"column":79}},"locations":[{"start":{"line":309,"column":54},"end":{"line":309,"column":79}}]},"19":{"type":"branch","line":312,"loc":{"start":{"line":312,"column":8},"end":{"line":314,"column":9}},"locations":[{"start":{"line":312,"column":8},"end":{"line":314,"column":9}}]},"20":{"type":"branch","line":385,"loc":{"start":{"line":385,"column":4},"end":{"line":385,"column":66}},"locations":[{"start":{"line":385,"column":4},"end":{"line":385,"column":66}}]},"21":{"type":"branch","line":418,"loc":{"start":{"line":418,"column":4},"end":{"line":418,"column":128}},"locations":[{"start":{"line":418,"column":4},"end":{"line":418,"column":128}}]},"22":{"type":"branch","line":476,"loc":{"start":{"line":476,"column":2},"end":{"line":495,"column":3}},"locations":[{"start":{"line":476,"column":2},"end":{"line":495,"column":3}}]},"23":{"type":"branch","line":483,"loc":{"start":{"line":483,"column":6},"end":{"line":493,"column":9}},"locations":[{"start":{"line":483,"column":6},"end":{"line":493,"column":9}}]}},"b":{"0":[15],"1":[30],"2":[2],"3":[0],"4":[2],"5":[0],"6":[1],"7":[0],"8":[1],"9":[0],"10":[1],"11":[0],"12":[30],"13":[15],"14":[15],"15":[15],"16":[15],"17":[1],"18":[0],"19":[0],"20":[1],"21":[1],"22":[105],"23":[1]},"fnMap":{"0":{"name":"createScenePortServer","decl":{"start":{"line":14,"column":7},"end":{"line":547,"column":1}},"loc":{"start":{"line":14,"column":7},"end":{"line":547,"column":1}},"line":14},"1":{"name":"toolGet","decl":{"start":{"line":26,"column":2},"end":{"line":34,"column":3}},"loc":{"start":{"line":26,"column":2},"end":{"line":34,"column":3}},"line":26},"2":{"name":"jsonResource","decl":{"start":{"line":36,"column":2},"end":{"line":47,"column":3}},"loc":{"start":{"line":36,"column":2},"end":{"line":47,"column":3}},"line":36},"3":{"name":"registerRunTestsTool","decl":{"start":{"line":283,"column":2},"end":{"line":317,"column":3}},"loc":{"start":{"line":283,"column":2},"end":{"line":317,"column":3}},"line":283},"4":{"name":"registerPrompt","decl":{"start":{"line":476,"column":2},"end":{"line":495,"column":3}},"loc":{"start":{"line":476,"column":2},"end":{"line":495,"column":3}},"line":476}},"f":{"0":15,"1":30,"2":2,"3":30,"4":105}}
,"/Users/reza/Workspace/sceneport-unity-mcp/plugins/sceneport/server/src/toolResult.ts": {"path":"/Users/reza/Workspace/sceneport-unity-mcp/plugins/sceneport/server/src/toolResult.ts","all":false,"statementMap":{"0":{"start":{"line":1,"column":0},"end":{"line":1,"column":46}},"1":{"start":{"line":2,"column":0},"end":{"line":2,"column":10}},"2":{"start":{"line":3,"column":0},"end":{"line":3,"column":14}},"3":{"start":{"line":4,"column":0},"end":{"line":4,"column":7}},"4":{"start":{"line":5,"column":0},"end":{"line":5,"column":30}},"5":{"start":{"line":6,"column":0},"end":{"line":6,"column":47}},"6":{"start":{"line":7,"column":0},"end":{"line":7,"column":8}},"7":{"start":{"line":8,"column":0},"end":{"line":8,"column":6}},"8":{"start":{"line":9,"column":0},"end":{"line":9,"column":52}},"9":{"start":{"line":10,"column":0},"end":{"line":10,"column":4}},"10":{"start":{"line":11,"column":0},"end":{"line":11,"column":1}},"12":{"start":{"line":13,"column":0},"end":{"line":13,"column":45}},"13":{"start":{"line":14,"column":0},"end":{"line":14,"column":73}},"14":{"start":{"line":15,"column":0},"end":{"line":15,"column":10}},"15":{"start":{"line":16,"column":0},"end":{"line":16,"column":27}},"16":{"start":{"line":17,"column":0},"end":{"line":17,"column":14}},"17":{"start":{"line":18,"column":0},"end":{"line":18,"column":7}},"18":{"start":{"line":19,"column":0},"end":{"line":19,"column":30}},"19":{"start":{"line":20,"column":0},"end":{"line":20,"column":22}},"20":{"start":{"line":21,"column":0},"end":{"line":21,"column":8}},"21":{"start":{"line":22,"column":0},"end":{"line":22,"column":6}},"22":{"start":{"line":23,"column":0},"end":{"line":23,"column":4}},"23":{"start":{"line":24,"column":0},"end":{"line":24,"column":1}},"25":{"start":{"line":26,"column":0},"end":{"line":26,"column":73}},"26":{"start":{"line":27,"column":0},"end":{"line":27,"column":83}},"27":{"start":{"line":28,"column":0},"end":{"line":28,"column":46}},"28":{"start":{"line":29,"column":0},"end":{"line":29,"column":3}},"30":{"start":{"line":31,"column":0},"end":{"line":31,"column":28}},"31":{"start":{"line":32,"column":0},"end":{"line":32,"column":1}}},"s":{"0":1,"1":10,"2":10,"3":10,"4":10,"5":10,"6":10,"7":10,"8":10,"9":10,"10":10,"12":1,"13":5,"14":5,"15":5,"16":5,"17":5,"18":5,"19":5,"20":5,"21":5,"22":5,"23":5,"25":10,"26":10,"27":6,"28":6,"30":4,"31":4},"branchMap":{"0":{"type":"branch","line":1,"loc":{"start":{"line":1,"column":7},"end":{"line":11,"column":1}},"locations":[{"start":{"line":1,"column":7},"end":{"line":11,"column":1}}]},"1":{"type":"branch","line":13,"loc":{"start":{"line":13,"column":7},"end":{"line":24,"column":1}},"locations":[{"start":{"line":13,"column":7},"end":{"line":24,"column":1}}]},"2":{"type":"branch","line":14,"loc":{"start":{"line":14,"column":35},"end":{"line":14,"column":59}},"locations":[{"start":{"line":14,"column":35},"end":{"line":14,"column":59}}]},"3":{"type":"branch","line":14,"loc":{"start":{"line":14,"column":49},"end":{"line":14,"column":73}},"locations":[{"start":{"line":14,"column":49},"end":{"line":14,"column":73}}]},"4":{"type":"branch","line":26,"loc":{"start":{"line":26,"column":0},"end":{"line":32,"column":1}},"locations":[{"start":{"line":26,"column":0},"end":{"line":32,"column":1}}]},"5":{"type":"branch","line":27,"loc":{"start":{"line":27,"column":18},"end":{"line":27,"column":57}},"locations":[{"start":{"line":27,"column":18},"end":{"line":27,"column":57}}]},"6":{"type":"branch","line":27,"loc":{"start":{"line":27,"column":45},"end":{"line":27,"column":82}},"locations":[{"start":{"line":27,"column":45},"end":{"line":27,"column":82}}]},"7":{"type":"branch","line":27,"loc":{"start":{"line":27,"column":82},"end":{"line":29,"column":3}},"locations":[{"start":{"line":27,"column":82},"end":{"line":29,"column":3}}]},"8":{"type":"branch","line":29,"loc":{"start":{"line":29,"column":2},"end":{"line":32,"column":1}},"locations":[{"start":{"line":29,"column":2},"end":{"line":32,"column":1}}]}},"b":{"0":[10],"1":[5],"2":[4],"3":[1],"4":[10],"5":[9],"6":[7],"7":[6],"8":[4]},"fnMap":{"0":{"name":"jsonResult","decl":{"start":{"line":1,"column":7},"end":{"line":11,"column":1}},"loc":{"start":{"line":1,"column":7},"end":{"line":11,"column":1}},"line":1},"1":{"name":"errorResult","decl":{"start":{"line":13,"column":7},"end":{"line":24,"column":1}},"loc":{"start":{"line":13,"column":7},"end":{"line":24,"column":1}},"line":13},"2":{"name":"toStructuredContent","decl":{"start":{"line":26,"column":0},"end":{"line":32,"column":1}},"loc":{"start":{"line":26,"column":0},"end":{"line":32,"column":1}},"line":26}},"f":{"0":10,"1":5,"2":10}}
,"/Users/reza/Workspace/sceneport-unity-mcp/plugins/sceneport/server/src/unityClient.ts": {"path":"/Users/reza/Workspace/sceneport-unity-mcp/plugins/sceneport/server/src/unityClient.ts","all":false,"statementMap":{"0":{"start":{"line":1,"column":0},"end":{"line":1,"column":86}},"2":{"start":{"line":3,"column":0},"end":{"line":3,"column":41}},"11":{"start":{"line":12,"column":0},"end":{"line":12,"column":32}},"12":{"start":{"line":13,"column":0},"end":{"line":13,"column":31}},"13":{"start":{"line":14,"column":0},"end":{"line":14,"column":48}},"14":{"start":{"line":15,"column":0},"end":{"line":15,"column":35}},"15":{"start":{"line":16,"column":0},"end":{"line":16,"column":46}},"17":{"start":{"line":18,"column":0},"end":{"line":18,"column":85}},"18":{"start":{"line":19,"column":0},"end":{"line":19,"column":37}},"20":{"start":{"line":21,"column":0},"end":{"line":21,"column":45}},"21":{"start":{"line":22,"column":0},"end":{"line":22,"column":93}},"22":{"start":{"line":23,"column":0},"end":{"line":23,"column":12}},"23":{"start":{"line":24,"column":0},"end":{"line":24,"column":50}},"24":{"start":{"line":25,"column":0},"end":{"line":25,"column":5}},"25":{"start":{"line":26,"column":0},"end":{"line":26,"column":58}},"26":{"start":{"line":27,"column":0},"end":{"line":27,"column":3}},"28":{"start":{"line":29,"column":0},"end":{"line":29,"column":25}},"29":{"start":{"line":30,"column":0},"end":{"line":30,"column":31}},"30":{"start":{"line":31,"column":0},"end":{"line":31,"column":3}},"32":{"start":{"line":33,"column":0},"end":{"line":33,"column":95}},"33":{"start":{"line":34,"column":0},"end":{"line":34,"column":31}},"34":{"start":{"line":35,"column":0},"end":{"line":35,"column":45}},"35":{"start":{"line":36,"column":0},"end":{"line":36,"column":3}},"37":{"start":{"line":38,"column":0},"end":{"line":38,"column":43}},"38":{"start":{"line":39,"column":0},"end":{"line":39,"column":31}},"39":{"start":{"line":40,"column":0},"end":{"line":40,"column":55}},"40":{"start":{"line":41,"column":0},"end":{"line":41,"column":3}},"46":{"start":{"line":47,"column":0},"end":{"line":47,"column":47}},"47":{"start":{"line":48,"column":0},"end":{"line":48,"column":45}},"48":{"start":{"line":49,"column":0},"end":{"line":49,"column":34}},"49":{"start":{"line":50,"column":0},"end":{"line":50,"column":9}},"50":{"start":{"line":51,"column":0},"end":{"line":51,"column":58}},"51":{"start":{"line":52,"column":0},"end":{"line":52,"column":49}},"52":{"start":{"line":53,"column":0},"end":{"line":53,"column":51}},"53":{"start":{"line":54,"column":0},"end":{"line":54,"column":7}},"54":{"start":{"line":55,"column":0},"end":{"line":55,"column":17}},"55":{"start":{"line":56,"column":0},"end":{"line":56,"column":57}},"56":{"start":{"line":57,"column":0},"end":{"line":57,"column":5}},"58":{"start":{"line":59,"column":0},"end":{"line":59,"column":95}},"59":{"start":{"line":60,"column":0},"end":{"line":60,"column":116}},"60":{"start":{"line":61,"column":0},"end":{"line":61,"column":66}},"62":{"start":{"line":63,"column":0},"end":{"line":63,"column":12}},"63":{"start":{"line":64,"column":0},"end":{"line":64,"column":16}},"64":{"start":{"line":65,"column":0},"end":{"line":65,"column":51}},"65":{"start":{"line":66,"column":0},"end":{"line":66,"column":42}},"66":{"start":{"line":67,"column":0},"end":{"line":67,"column":63}},"67":{"start":{"line":68,"column":0},"end":{"line":68,"column":50}},"68":{"start":{"line":69,"column":0},"end":{"line":69,"column":20}},"69":{"start":{"line":70,"column":0},"end":{"line":70,"column":22}},"70":{"start":{"line":71,"column":0},"end":{"line":71,"column":123}},"71":{"start":{"line":72,"column":0},"end":{"line":72,"column":14}},"72":{"start":{"line":73,"column":0},"end":{"line":73,"column":6}},"73":{"start":{"line":74,"column":0},"end":{"line":74,"column":3}},"75":{"start":{"line":76,"column":0},"end":{"line":76,"column":48}},"76":{"start":{"line":77,"column":0},"end":{"line":77,"column":36}},"77":{"start":{"line":78,"column":0},"end":{"line":78,"column":13}},"78":{"start":{"line":79,"column":0},"end":{"line":79,"column":5}},"79":{"start":{"line":80,"column":0},"end":{"line":80,"column":33}},"80":{"start":{"line":81,"column":0},"end":{"line":81,"column":11}},"81":{"start":{"line":82,"column":0},"end":{"line":82,"column":89}},"82":{"start":{"line":83,"column":0},"end":{"line":83,"column":96}},"83":{"start":{"line":84,"column":0},"end":{"line":84,"column":77}},"84":{"start":{"line":85,"column":0},"end":{"line":85,"column":30}},"85":{"start":{"line":86,"column":0},"end":{"line":86,"column":103}},"86":{"start":{"line":87,"column":0},"end":{"line":87,"column":108}},"88":{"start":{"line":89,"column":0},"end":{"line":89,"column":9}},"89":{"start":{"line":90,"column":0},"end":{"line":90,"column":37}},"90":{"start":{"line":91,"column":0},"end":{"line":91,"column":15}},"92":{"start":{"line":93,"column":0},"end":{"line":93,"column":7}},"93":{"start":{"line":94,"column":0},"end":{"line":94,"column":5}},"94":{"start":{"line":95,"column":0},"end":{"line":95,"column":29}},"95":{"start":{"line":96,"column":0},"end":{"line":96,"column":42}},"96":{"start":{"line":97,"column":0},"end":{"line":97,"column":5}},"97":{"start":{"line":98,"column":0},"end":{"line":98,"column":3}},"99":{"start":{"line":100,"column":0},"end":{"line":100,"column":24}},"100":{"start":{"line":101,"column":0},"end":{"line":101,"column":27}},"101":{"start":{"line":102,"column":0},"end":{"line":102,"column":17}},"102":{"start":{"line":103,"column":0},"end":{"line":103,"column":71}},"103":{"start":{"line":104,"column":0},"end":{"line":104,"column":19}},"104":{"start":{"line":105,"column":0},"end":{"line":105,"column":20}},"105":{"start":{"line":106,"column":0},"end":{"line":106,"column":23}},"106":{"start":{"line":107,"column":0},"end":{"line":107,"column":39}},"107":{"start":{"line":108,"column":0},"end":{"line":108,"column":75}},"108":{"start":{"line":109,"column":0},"end":{"line":109,"column":28}},"109":{"start":{"line":110,"column":0},"end":{"line":110,"column":48}},"110":{"start":{"line":111,"column":0},"end":{"line":111,"column":5}},"112":{"start":{"line":113,"column":0},"end":{"line":113,"column":27}},"113":{"start":{"line":114,"column":0},"end":{"line":114,"column":9}},"114":{"start":{"line":115,"column":0},"end":{"line":115,"column":16}},"115":{"start":{"line":116,"column":0},"end":{"line":116,"column":24}},"116":{"start":{"line":117,"column":0},"end":{"line":117,"column":49}},"117":{"start":{"line":118,"column":0},"end":{"line":118,"column":30}},"118":{"start":{"line":119,"column":0},"end":{"line":119,"column":21}},"119":{"start":{"line":120,"column":0},"end":{"line":120,"column":74}},"120":{"start":{"line":121,"column":0},"end":{"line":121,"column":41}},"121":{"start":{"line":122,"column":0},"end":{"line":122,"column":15}},"122":{"start":{"line":123,"column":0},"end":{"line":123,"column":21}},"124":{"start":{"line":125,"column":0},"end":{"line":125,"column":78}},"125":{"start":{"line":126,"column":0},"end":{"line":126,"column":62}},"126":{"start":{"line":127,"column":0},"end":{"line":127,"column":7}},"127":{"start":{"line":128,"column":0},"end":{"line":128,"column":18}},"128":{"start":{"line":129,"column":0},"end":{"line":129,"column":5}},"131":{"start":{"line":132,"column":0},"end":{"line":132,"column":67}},"132":{"start":{"line":133,"column":0},"end":{"line":133,"column":60}},"133":{"start":{"line":134,"column":0},"end":{"line":134,"column":5}},"135":{"start":{"line":136,"column":0},"end":{"line":136,"column":32}},"136":{"start":{"line":137,"column":0},"end":{"line":137,"column":3}},"138":{"start":{"line":139,"column":0},"end":{"line":139,"column":33}},"139":{"start":{"line":140,"column":0},"end":{"line":140,"column":34}},"140":{"start":{"line":141,"column":0},"end":{"line":141,"column":93}},"141":{"start":{"line":142,"column":0},"end":{"line":142,"column":23}},"142":{"start":{"line":143,"column":0},"end":{"line":143,"column":19}},"143":{"start":{"line":144,"column":0},"end":{"line":144,"column":3}},"145":{"start":{"line":146,"column":0},"end":{"line":146,"column":97}},"146":{"start":{"line":147,"column":0},"end":{"line":147,"column":51}},"147":{"start":{"line":148,"column":0},"end":{"line":148,"column":56}},"148":{"start":{"line":149,"column":0},"end":{"line":149,"column":32}},"149":{"start":{"line":150,"column":0},"end":{"line":150,"column":49}},"150":{"start":{"line":151,"column":0},"end":{"line":151,"column":7}},"151":{"start":{"line":152,"column":0},"end":{"line":152,"column":5}},"152":{"start":{"line":153,"column":0},"end":{"line":153,"column":15}},"153":{"start":{"line":154,"column":0},"end":{"line":154,"column":3}},"155":{"start":{"line":156,"column":0},"end":{"line":156,"column":43}},"156":{"start":{"line":157,"column":0},"end":{"line":157,"column":39}},"157":{"start":{"line":158,"column":0},"end":{"line":158,"column":32}},"159":{"start":{"line":160,"column":0},"end":{"line":160,"column":26}},"160":{"start":{"line":161,"column":0},"end":{"line":161,"column":11}},"161":{"start":{"line":162,"column":0},"end":{"line":162,"column":35}},"162":{"start":{"line":163,"column":0},"end":{"line":163,"column":15}},"163":{"start":{"line":164,"column":0},"end":{"line":164,"column":51}},"164":{"start":{"line":165,"column":0},"end":{"line":165,"column":7}},"165":{"start":{"line":166,"column":0},"end":{"line":166,"column":5}},"167":{"start":{"line":168,"column":0},"end":{"line":168,"column":23}},"168":{"start":{"line":169,"column":0},"end":{"line":169,"column":21}},"169":{"start":{"line":170,"column":0},"end":{"line":170,"column":68}},"170":{"start":{"line":171,"column":0},"end":{"line":171,"column":57}},"171":{"start":{"line":172,"column":0},"end":{"line":172,"column":60}},"172":{"start":{"line":173,"column":0},"end":{"line":173,"column":31}},"173":{"start":{"line":174,"column":0},"end":{"line":174,"column":5}},"175":{"start":{"line":176,"column":0},"end":{"line":176,"column":19}},"176":{"start":{"line":177,"column":0},"end":{"line":177,"column":3}},"177":{"start":{"line":178,"column":0},"end":{"line":178,"column":1}}},"s":{"0":1,"2":1,"11":1,"12":1,"13":25,"14":25,"15":25,"17":1,"18":25,"20":0,"21":0,"22":25,"23":25,"24":25,"25":25,"26":25,"28":1,"29":0,"30":0,"32":1,"33":13,"34":12,"35":13,"37":1,"38":3,"39":3,"40":3,"46":1,"47":3,"48":3,"49":3,"50":3,"51":3,"52":3,"53":3,"54":3,"55":0,"56":0,"58":3,"59":3,"60":3,"62":3,"63":3,"64":3,"65":3,"66":3,"67":3,"68":3,"69":3,"70":1,"71":2,"72":3,"73":3,"75":1,"76":16,"77":15,"78":15,"79":1,"80":1,"81":1,"82":1,"83":1,"84":1,"85":1,"86":1,"88":1,"89":1,"90":1,"92":0,"93":1,"94":1,"95":1,"96":1,"97":16,"99":1,"100":19,"101":19,"102":19,"103":19,"104":19,"105":19,"106":19,"107":19,"108":19,"109":2,"110":2,"112":19,"113":19,"114":19,"115":19,"116":16,"117":3,"118":3,"119":3,"120":3,"121":3,"122":19,"124":1,"125":0,"126":0,"127":1,"128":1,"131":19,"132":0,"133":0,"135":18,"136":19,"138":1,"139":0,"140":0,"141":0,"142":0,"143":0,"145":1,"146":19,"147":19,"148":7,"149":6,"150":6,"151":7,"152":19,"153":19,"155":1,"156":18,"157":18,"159":18,"160":17,"161":17,"162":17,"163":1,"164":1,"165":17,"167":18,"168":4,"169":4,"170":3,"171":1,"172":4,"173":4,"175":14,"176":18,"177":1},"branchMap":{"0":{"type":"branch","line":13,"loc":{"start":{"line":13,"column":10},"end":{"line":16,"column":46}},"locations":[{"start":{"line":13,"column":10},"end":{"line":16,"column":46}}]},"1":{"type":"branch","line":18,"loc":{"start":{"line":18,"column":2},"end":{"line":27,"column":3}},"locations":[{"start":{"line":18,"column":2},"end":{"line":27,"column":3}}]},"2":{"type":"branch","line":19,"loc":{"start":{"line":19,"column":36},"end":{"line":23,"column":11}},"locations":[{"start":{"line":19,"column":36},"end":{"line":23,"column":11}}]},"3":{"type":"branch","line":24,"loc":{"start":{"line":24,"column":20},"end":{"line":24,"column":50}},"locations":[{"start":{"line":24,"column":20},"end":{"line":24,"column":50}}]},"4":{"type":"branch","line":33,"loc":{"start":{"line":33,"column":2},"end":{"line":36,"column":3}},"locations":[{"start":{"line":33,"column":2},"end":{"line":36,"column":3}}]},"5":{"type":"branch","line":34,"loc":{"start":{"line":34,"column":29},"end":{"line":35,"column":45}},"locations":[{"start":{"line":34,"column":29},"end":{"line":35,"column":45}}]},"6":{"type":"branch","line":38,"loc":{"start":{"line":38,"column":2},"end":{"line":41,"column":3}},"locations":[{"start":{"line":38,"column":2},"end":{"line":41,"column":3}}]},"7":{"type":"branch","line":47,"loc":{"start":{"line":47,"column":2},"end":{"line":74,"column":3}},"locations":[{"start":{"line":47,"column":2},"end":{"line":74,"column":3}}]},"8":{"type":"branch","line":55,"loc":{"start":{"line":55,"column":4},"end":{"line":57,"column":5}},"locations":[{"start":{"line":55,"column":4},"end":{"line":57,"column":5}}]},"9":{"type":"branch","line":59,"loc":{"start":{"line":59,"column":53},"end":{"line":59,"column":85}},"locations":[{"start":{"line":59,"column":53},"end":{"line":59,"column":85}}]},"10":{"type":"branch","line":59,"loc":{"start":{"line":59,"column":71},"end":{"line":59,"column":95}},"locations":[{"start":{"line":59,"column":71},"end":{"line":59,"column":95}}]},"11":{"type":"branch","line":60,"loc":{"start":{"line":60,"column":31},"end":{"line":60,"column":111}},"locations":[{"start":{"line":60,"column":31},"end":{"line":60,"column":111}}]},"12":{"type":"branch","line":60,"loc":{"start":{"line":60,"column":107},"end":{"line":60,"column":116}},"locations":[{"start":{"line":60,"column":107},"end":{"line":60,"column":116}}]},"13":{"type":"branch","line":61,"loc":{"start":{"line":61,"column":46},"end":{"line":61,"column":66}},"locations":[{"start":{"line":61,"column":46},"end":{"line":61,"column":66}}]},"14":{"type":"branch","line":65,"loc":{"start":{"line":65,"column":10},"end":{"line":65,"column":47}},"locations":[{"start":{"line":65,"column":10},"end":{"line":65,"column":47}}]},"15":{"type":"branch","line":70,"loc":{"start":{"line":70,"column":10},"end":{"line":71,"column":123}},"locations":[{"start":{"line":70,"column":10},"end":{"line":71,"column":123}}]},"16":{"type":"branch","line":71,"loc":{"start":{"line":71,"column":122},"end":{"line":72,"column":14}},"locations":[{"start":{"line":71,"column":122},"end":{"line":72,"column":14}}]},"17":{"type":"branch","line":76,"loc":{"start":{"line":76,"column":2},"end":{"line":98,"column":3}},"locations":[{"start":{"line":76,"column":2},"end":{"line":98,"column":3}}]},"18":{"type":"branch","line":77,"loc":{"start":{"line":77,"column":35},"end":{"line":79,"column":5}},"locations":[{"start":{"line":77,"column":35},"end":{"line":79,"column":5}}]},"19":{"type":"branch","line":79,"loc":{"start":{"line":79,"column":4},"end":{"line":97,"column":5}},"locations":[{"start":{"line":79,"column":4},"end":{"line":97,"column":5}}]},"20":{"type":"branch","line":83,"loc":{"start":{"line":83,"column":72},"end":{"line":83,"column":96}},"locations":[{"start":{"line":83,"column":72},"end":{"line":83,"column":96}}]},"21":{"type":"branch","line":91,"loc":{"start":{"line":91,"column":6},"end":{"line":93,"column":7}},"locations":[{"start":{"line":91,"column":6},"end":{"line":93,"column":7}}]},"22":{"type":"branch","line":100,"loc":{"start":{"line":100,"column":2},"end":{"line":137,"column":3}},"locations":[{"start":{"line":100,"column":2},"end":{"line":137,"column":3}}]},"23":{"type":"branch","line":109,"loc":{"start":{"line":109,"column":27},"end":{"line":111,"column":5}},"locations":[{"start":{"line":109,"column":27},"end":{"line":111,"column":5}}]},"24":{"type":"branch","line":116,"loc":{"start":{"line":116,"column":19},"end":{"line":117,"column":49}},"locations":[{"start":{"line":116,"column":19},"end":{"line":117,"column":49}}]},"25":{"type":"branch","line":116,"loc":{"start":{"line":116,"column":19},"end":{"line":117,"column":49}},"locations":[{"start":{"line":116,"column":19},"end":{"line":117,"column":49}}]},"26":{"type":"branch","line":117,"loc":{"start":{"line":117,"column":48},"end":{"line":117,"column":49}},"locations":[{"start":{"line":117,"column":48},"end":{"line":117,"column":49}}]},"27":{"type":"branch","line":117,"loc":{"start":{"line":117,"column":48},"end":{"line":122,"column":15}},"locations":[{"start":{"line":117,"column":48},"end":{"line":122,"column":15}}]},"28":{"type":"branch","line":122,"loc":{"start":{"line":122,"column":13},"end":{"line":123,"column":13}},"locations":[{"start":{"line":122,"column":13},"end":{"line":123,"column":13}}]},"29":{"type":"branch","line":123,"loc":{"start":{"line":123,"column":4},"end":{"line":129,"column":5}},"locations":[{"start":{"line":123,"column":4},"end":{"line":129,"column":5}}]},"30":{"type":"branch","line":125,"loc":{"start":{"line":125,"column":45},"end":{"line":125,"column":77}},"locations":[{"start":{"line":125,"column":45},"end":{"line":125,"column":77}}]},"31":{"type":"branch","line":125,"loc":{"start":{"line":125,"column":77},"end":{"line":127,"column":7}},"locations":[{"start":{"line":125,"column":77},"end":{"line":127,"column":7}}]},"32":{"type":"branch","line":129,"loc":{"start":{"line":129,"column":4},"end":{"line":132,"column":35}},"locations":[{"start":{"line":129,"column":4},"end":{"line":132,"column":35}}]},"33":{"type":"branch","line":132,"loc":{"start":{"line":132,"column":28},"end":{"line":132,"column":47}},"locations":[{"start":{"line":132,"column":28},"end":{"line":132,"column":47}}]},"34":{"type":"branch","line":132,"loc":{"start":{"line":132,"column":36},"end":{"line":132,"column":66}},"locations":[{"start":{"line":132,"column":36},"end":{"line":132,"column":66}}]},"35":{"type":"branch","line":132,"loc":{"start":{"line":132,"column":66},"end":{"line":134,"column":5}},"locations":[{"start":{"line":132,"column":66},"end":{"line":134,"column":5}}]},"36":{"type":"branch","line":134,"loc":{"start":{"line":134,"column":4},"end":{"line":136,"column":32}},"locations":[{"start":{"line":134,"column":4},"end":{"line":136,"column":32}}]},"37":{"type":"branch","line":146,"loc":{"start":{"line":146,"column":10},"end":{"line":154,"column":3}},"locations":[{"start":{"line":146,"column":10},"end":{"line":154,"column":3}}]},"38":{"type":"branch","line":148,"loc":{"start":{"line":148,"column":55},"end":{"line":152,"column":5}},"locations":[{"start":{"line":148,"column":55},"end":{"line":152,"column":5}}]},"39":{"type":"branch","line":149,"loc":{"start":{"line":149,"column":31},"end":{"line":151,"column":7}},"locations":[{"start":{"line":149,"column":31},"end":{"line":151,"column":7}}]},"40":{"type":"branch","line":156,"loc":{"start":{"line":156,"column":2},"end":{"line":177,"column":3}},"locations":[{"start":{"line":156,"column":2},"end":{"line":177,"column":3}}]},"41":{"type":"branch","line":160,"loc":{"start":{"line":160,"column":25},"end":{"line":166,"column":5}},"locations":[{"start":{"line":160,"column":25},"end":{"line":166,"column":5}}]},"42":{"type":"branch","line":163,"loc":{"start":{"line":163,"column":6},"end":{"line":165,"column":7}},"locations":[{"start":{"line":163,"column":6},"end":{"line":165,"column":7}}]},"43":{"type":"branch","line":168,"loc":{"start":{"line":168,"column":22},"end":{"line":174,"column":5}},"locations":[{"start":{"line":168,"column":22},"end":{"line":174,"column":5}}]},"44":{"type":"branch","line":170,"loc":{"start":{"line":170,"column":27},"end":{"line":170,"column":50}},"locations":[{"start":{"line":170,"column":27},"end":{"line":170,"column":50}}]},"45":{"type":"branch","line":170,"loc":{"start":{"line":170,"column":39},"end":{"line":170,"column":68}},"locations":[{"start":{"line":170,"column":39},"end":{"line":170,"column":68}}]},"46":{"type":"branch","line":170,"loc":{"start":{"line":170,"column":61},"end":{"line":171,"column":57}},"locations":[{"start":{"line":170,"column":61},"end":{"line":171,"column":57}}]},"47":{"type":"branch","line":171,"loc":{"start":{"line":171,"column":56},"end":{"line":172,"column":60}},"locations":[{"start":{"line":171,"column":56},"end":{"line":172,"column":60}}]},"48":{"type":"branch","line":174,"loc":{"start":{"line":174,"column":4},"end":{"line":176,"column":19}},"locations":[{"start":{"line":174,"column":4},"end":{"line":176,"column":19}}]}},"b":{"0":[25],"1":[25],"2":[0],"3":[0],"4":[13],"5":[12],"6":[3],"7":[3],"8":[0],"9":[1],"10":[2],"11":[1],"12":[2],"13":[1],"14":[0],"15":[1],"16":[2],"17":[16],"18":[15],"19":[1],"20":[0],"21":[0],"22":[19],"23":[2],"24":[18],"25":[16],"26":[15],"27":[3],"28":[3],"29":[1],"30":[0],"31":[0],"32":[18],"33":[0],"34":[0],"35":[0],"36":[18],"37":[19],"38":[7],"39":[6],"40":[18],"41":[17],"42":[1],"43":[4],"44":[3],"45":[3],"46":[3],"47":[1],"48":[14]},"fnMap":{"0":{"name":"<instance_members_initializer>","decl":{"start":{"line":13,"column":10},"end":{"line":16,"column":46}},"loc":{"start":{"line":13,"column":10},"end":{"line":16,"column":46}},"line":13},"1":{"name":"UnityBridgeClient","decl":{"start":{"line":18,"column":2},"end":{"line":27,"column":3}},"loc":{"start":{"line":18,"column":2},"end":{"line":27,"column":3}},"line":18},"2":{"name":"get baseUrl","decl":{"start":{"line":29,"column":2},"end":{"line":31,"column":3}},"loc":{"start":{"line":29,"column":2},"end":{"line":31,"column":3}},"line":29},"3":{"name":"get","decl":{"start":{"line":33,"column":2},"end":{"line":36,"column":3}},"loc":{"start":{"line":33,"column":2},"end":{"line":36,"column":3}},"line":33},"4":{"name":"post","decl":{"start":{"line":38,"column":2},"end":{"line":41,"column":3}},"loc":{"start":{"line":38,"column":2},"end":{"line":41,"column":3}},"line":38},"5":{"name":"statusReport","decl":{"start":{"line":47,"column":2},"end":{"line":74,"column":3}},"loc":{"start":{"line":47,"column":2},"end":{"line":74,"column":3}},"line":47},"6":{"name":"guardIdentity","decl":{"start":{"line":76,"column":2},"end":{"line":98,"column":3}},"loc":{"start":{"line":76,"column":2},"end":{"line":98,"column":3}},"line":76},"7":{"name":"request","decl":{"start":{"line":100,"column":2},"end":{"line":137,"column":3}},"loc":{"start":{"line":100,"column":2},"end":{"line":137,"column":3}},"line":100},"8":{"name":"rediscover","decl":{"start":{"line":139,"column":10},"end":{"line":144,"column":3}},"loc":{"start":{"line":139,"column":10},"end":{"line":144,"column":3}},"line":139},"9":{"name":"url","decl":{"start":{"line":146,"column":10},"end":{"line":154,"column":3}},"loc":{"start":{"line":146,"column":10},"end":{"line":154,"column":3}},"line":146},"10":{"name":"parse","decl":{"start":{"line":156,"column":2},"end":{"line":177,"column":3}},"loc":{"start":{"line":156,"column":2},"end":{"line":177,"column":3}},"line":156}},"f":{"0":25,"1":25,"2":0,"3":13,"4":3,"5":3,"6":16,"7":19,"8":0,"9":19,"10":18}}
}
